#
# A fatal error has been detected by the Java Runtime Environment:
#
#  EXCEPTION_ACCESS_VIOLATION (0xc0000005) at pc=0x6d9a5dcc, pid=6028, tid=5328
#
# JRE version: 6.0_17-b04
# Java VM: Java HotSpot(TM) Client VM (14.3-b01 mixed mode, sharing windows-x86 )
# Problematic frame:
# V  [jvm.dll+0xf5dcc]
#
# If you would like to submit a bug report, please visit:
#   http://java.sun.com/webapps/bugreport/crash.jsp
#

---------------  T H R E A D  ---------------

Current thread (0x02e57c00):  JavaThread "Java2D Disposer" daemon [_thread_in_vm, id=5328, stack(0x03070000,0x030c0000)]

siginfo: ExceptionCode=0xc0000005, reading address 0x00000000

Registers:
EAX=0x02e581e8, EBX=0x00000000, ECX=0x00000000, EDX=0x030bf858
ESP=0x030bf848, EBP=0x030bf924, ESI=0x02e57518, EDI=0x02e57c00
EIP=0x6d9a5dcc, EFLAGS=0x00010203

Top of Stack: (sp=0x030bf848)
0x030bf848:   02e57c00 02e57d10 02e93570 02e581e4
0x030bf858:   02e581e8 030bf998 030bf878 030bf890
0x030bf868:   02e57c00 030bf958 6d9a5be5 030bf998
0x030bf878:   02e581e8 030bf890 02e57c00 02e57c00
0x030bf888:   22ea3550 02a72f66 02e581e8 00000000
0x030bf898:   02f44cc8 02e57c00 2aae26f8 02a72f66
0x030bf8a8:   02a72f74 02e57c00 22ea3550 02a72f66
0x030bf8b8:   2b1a4190 22ea0150 02a72f66 2b1a4190 

Instructions: (pc=0x6d9a5dcc)
0x6d9a5dbc:   01 8b 4d b0 8b 55 a4 8b 45 f4 89 04 8a ff 45 b0
0x6d9a5dcc:   8b 03 8b 48 08 0f b7 51 26 8b 40 0c 8b 4c 90 20 


Stack: [0x03070000,0x030c0000],  sp=0x030bf848,  free space=318k
Native frames: (J=compiled Java code, j=interpreted, Vv=VM code, C=native code)
V  [jvm.dll+0xf5dcc]
V  [jvm.dll+0xf8c27]
C  [awt.dll+0x6c54c]
j  java.awt.Cursor.finalizeImpl(J)V+0
j  java.awt.Cursor.access$000(J)V+1
j  java.awt.Cursor$CursorDisposer.dispose()V+13
j  sun.java2d.Disposer.run()V+26
j  java.lang.Thread.run()V+11
v  ~StubRoutines::call_stub
V  [jvm.dll+0xecf9c]
V  [jvm.dll+0x1741d1]
V  [jvm.dll+0xed167]
V  [jvm.dll+0xed1dd]
V  [jvm.dll+0x116290]
V  [jvm.dll+0x1d0414]
V  [jvm.dll+0x173e4c]
C  [msvcr71.dll+0x9565]
C  [kernel32.dll+0xb729]

Java frames: (J=compiled Java code, j=interpreted, Vv=VM code)
j  java.awt.Cursor.finalizeImpl(J)V+0
j  java.awt.Cursor.access$000(J)V+1
j  java.awt.Cursor$CursorDisposer.dispose()V+13
j  sun.java2d.Disposer.run()V+26
j  java.lang.Thread.run()V+11
v  ~StubRoutines::call_stub

---------------  P R O C E S S  ---------------

Java Threads: ( => current thread )
  0x03a44400 JavaThread "TimerQueue" daemon [_thread_blocked, id=5964, stack(0x03e70000,0x03ec0000)]
  0x002b7800 JavaThread "DestroyJavaVM" [_thread_blocked, id=932, stack(0x00840000,0x00890000)]
  0x02e5bc00 JavaThread "AWT-EventQueue-0" [_thread_blocked, id=4764, stack(0x03260000,0x032b0000)]
  0x02e59000 JavaThread "AWT-Shutdown" [_thread_blocked, id=6092, stack(0x030c0000,0x03110000)]
=>0x02e57c00 JavaThread "Java2D Disposer" daemon [_thread_in_vm, id=5328, stack(0x03070000,0x030c0000)]
  0x02aba800 JavaThread "Low Memory Detector" daemon [_thread_blocked, id=7812, stack(0x02d30000,0x02d80000)]
  0x02ab7800 JavaThread "CompilerThread0" daemon [_thread_blocked, id=912, stack(0x02ce0000,0x02d30000)]
  0x02ab2c00 JavaThread "Attach Listener" daemon [_thread_blocked, id=7564, stack(0x02c90000,0x02ce0000)]
  0x02ab1800 JavaThread "Signal Dispatcher" daemon [_thread_blocked, id=4072, stack(0x02c40000,0x02c90000)]
  0x02a6f000 JavaThread "Finalizer" daemon [_thread_blocked, id=8052, stack(0x02bf0000,0x02c40000)]
  0x02a6dc00 JavaThread "Reference Handler" daemon [_thread_blocked, id=7180, stack(0x02ba0000,0x02bf0000)]

Other Threads:
  0x02a6c000 VMThread [stack: 0x02b50000,0x02ba0000] [id=2824]
  0x02abc800 WatcherThread [stack: 0x02d80000,0x02dd0000] [id=7292]

VM state:not at safepoint (normal execution)

VM Mutex/Monitor currently owned by a thread: None

Heap
 def new generation   total 2176K, used 31K [0x22990000, 0x22be0000, 0x22e70000)
  eden space 1984K,   0% used [0x22990000, 0x22993048, 0x22b80000)
  from space 192K,   9% used [0x22b80000, 0x22b84c80, 0x22bb0000)
  to   space 192K,   0% used [0x22bb0000, 0x22bb0000, 0x22be0000)
 tenured generation   total 27796K, used 24987K [0x22e70000, 0x24995000, 0x26990000)
   the space 27796K,  89% used [0x22e70000, 0x246d6d40, 0x246d6e00, 0x24995000)
 compacting perm gen  total 12288K, used 6880K [0x26990000, 0x27590000, 0x2a990000)
   the space 12288K,  55% used [0x26990000, 0x27048370, 0x27048400, 0x27590000)
    ro space 8192K,  67% used [0x2a990000, 0x2aef8230, 0x2aef8400, 0x2b190000)
    rw space 12288K,  54% used [0x2b190000, 0x2b80d678, 0x2b80d800, 0x2bd90000)

Dynamic libraries:
0x00400000 - 0x00424000 	C:\Program Files\Java\jdk1.6.0_17\bin\java.exe
0x7c900000 - 0x7c9b2000 	C:\WINDOWS\system32\ntdll.dll
0x7c800000 - 0x7c8f6000 	C:\WINDOWS\system32\kernel32.dll
0x77dd0000 - 0x77e6b000 	C:\WINDOWS\system32\ADVAPI32.dll
0x77e70000 - 0x77f02000 	C:\WINDOWS\system32\RPCRT4.dll
0x77fe0000 - 0x77ff1000 	C:\WINDOWS\system32\Secur32.dll
0x7c340000 - 0x7c396000 	C:\Program Files\Java\jdk1.6.0_17\jre\bin\msvcr71.dll
0x6d8b0000 - 0x6db3b000 	C:\Program Files\Java\jdk1.6.0_17\jre\bin\client\jvm.dll
0x7e410000 - 0x7e4a1000 	C:\WINDOWS\system32\USER32.dll
0x77f10000 - 0x77f59000 	C:\WINDOWS\system32\GDI32.dll
0x76b40000 - 0x76b6d000 	C:\WINDOWS\system32\WINMM.dll
0x76390000 - 0x763ad000 	C:\WINDOWS\system32\IMM32.DLL
0x6d860000 - 0x6d86c000 	C:\Program Files\Java\jdk1.6.0_17\jre\bin\verify.dll
0x6d3e0000 - 0x6d3ff000 	C:\Program Files\Java\jdk1.6.0_17\jre\bin\java.dll
0x6d340000 - 0x6d348000 	C:\Program Files\Java\jdk1.6.0_17\jre\bin\hpi.dll
0x76bf0000 - 0x76bfb000 	C:\WINDOWS\system32\PSAPI.DLL
0x6d8a0000 - 0x6d8af000 	C:\Program Files\Java\jdk1.6.0_17\jre\bin\zip.dll
0x6d0b0000 - 0x6d1fa000 	C:\Program Files\Java\jdk1.6.0_17\jre\bin\awt.dll
0x73000000 - 0x73026000 	C:\WINDOWS\system32\WINSPOOL.DRV
0x77c10000 - 0x77c68000 	C:\WINDOWS\system32\msvcrt.dll
0x774e0000 - 0x7761d000 	C:\WINDOWS\system32\ole32.dll
0x773d0000 - 0x774d3000 	C:\WINDOWS\WinSxS\x86_Microsoft.Windows.Common-Controls_6595b64144ccf1df_6.0.2600.5512_x-ww_35d4ce83\comctl32.dll
0x77f60000 - 0x77fd6000 	C:\WINDOWS\system32\SHLWAPI.dll
0x5ad70000 - 0x5ada8000 	C:\WINDOWS\system32\uxtheme.dll
0x74720000 - 0x7476c000 	C:\WINDOWS\system32\MSCTF.dll
0x10000000 - 0x10171000 	C:\WINDOWS\system32\nview.dll
0x7c9c0000 - 0x7d1d7000 	C:\WINDOWS\system32\SHELL32.dll
0x77120000 - 0x771ab000 	C:\WINDOWS\system32\OLEAUT32.dll
0x77c00000 - 0x77c08000 	C:\WINDOWS\system32\VERSION.dll
0x77690000 - 0x776b1000 	C:\WINDOWS\system32\NTMARTA.DLL
0x71bf0000 - 0x71c03000 	C:\WINDOWS\system32\SAMLIB.dll
0x76f60000 - 0x76f8c000 	C:\WINDOWS\system32\WLDAP32.dll
0x755c0000 - 0x755ee000 	C:\WINDOWS\system32\msctfime.ime
0x6d2e0000 - 0x6d334000 	C:\Program Files\Java\jdk1.6.0_17\jre\bin\fontmanager.dll
0x68000000 - 0x68036000 	C:\WINDOWS\system32\rsaenh.dll
0x769c0000 - 0x76a74000 	C:\WINDOWS\system32\USERENV.dll
0x5b860000 - 0x5b8b5000 	C:\WINDOWS\system32\netapi32.dll
0x6d6c0000 - 0x6d6d3000 	C:\Program Files\Java\jdk1.6.0_17\jre\bin\net.dll
0x71ab0000 - 0x71ac7000 	C:\WINDOWS\system32\WS2_32.dll
0x71aa0000 - 0x71aa8000 	C:\WINDOWS\system32\WS2HELP.dll
0x71a50000 - 0x71a8f000 	C:\WINDOWS\System32\mswsock.dll
0x76f20000 - 0x76f47000 	C:\WINDOWS\system32\DNSAPI.dll
0x76fb0000 - 0x76fb8000 	C:\WINDOWS\System32\winrnr.dll
0x64000000 - 0x64025000 	C:\Program Files\Bonjour\mdnsNSP.dll
0x76d60000 - 0x76d79000 	C:\WINDOWS\system32\Iphlpapi.dll
0x76fc0000 - 0x76fc6000 	C:\WINDOWS\system32\rasadhlp.dll
0x6d6e0000 - 0x6d6e9000 	C:\Program Files\Java\jdk1.6.0_17\jre\bin\nio.dll
0x038a0000 - 0x038b5000 	C:\WINDOWS\system32\btmmhook.dll
0x763b0000 - 0x763f9000 	C:\WINDOWS\system32\COMDLG32.DLL
0x77b40000 - 0x77b62000 	C:\WINDOWS\system32\appHelp.dll
0x76fd0000 - 0x7704f000 	C:\WINDOWS\system32\CLBCATQ.DLL
0x77050000 - 0x77115000 	C:\WINDOWS\system32\COMRes.dll
0x05960000 - 0x05978000 	C:\Program Files\Common Files\TortoiseOverlays\TortoiseOverlays.dll
0x05940000 - 0x0594e000 	C:\Program Files\TortoiseSVN\bin\TortoiseStub.dll
0x040f0000 - 0x041ba000 	C:\Program Files\TortoiseSVN\bin\TortoiseSVN.dll
0x76780000 - 0x76789000 	C:\WINDOWS\system32\SHFOLDER.dll
0x3d930000 - 0x3da16000 	C:\WINDOWS\system32\WININET.dll
0x041d0000 - 0x041d9000 	C:\WINDOWS\system32\Normaliz.dll
0x78130000 - 0x78263000 	C:\WINDOWS\system32\urlmon.dll
0x3dfd0000 - 0x3e1b8000 	C:\WINDOWS\system32\iertutil.dll
0x6eec0000 - 0x6eee2000 	C:\Program Files\TortoiseSVN\bin\libapr_tsvn.dll
0x78520000 - 0x785c3000 	C:\WINDOWS\WinSxS\x86_Microsoft.VC90.CRT_1fc8b3b9a1e18e3b_9.0.30729.4148_x-ww_d495ac4e\MSVCR90.dll
0x6ee60000 - 0x6ee8f000 	C:\Program Files\TortoiseSVN\bin\libaprutil_tsvn.dll
0x04200000 - 0x04212000 	C:\Program Files\TortoiseSVN\bin\intl3_tsvn.dll
0x78480000 - 0x7850e000 	C:\WINDOWS\WinSxS\x86_Microsoft.VC90.CRT_1fc8b3b9a1e18e3b_9.0.30729.4148_x-ww_d495ac4e\MSVCP90.dll
0x77a80000 - 0x77b15000 	C:\WINDOWS\system32\CRYPT32.dll
0x77b20000 - 0x77b32000 	C:\WINDOWS\system32\MSASN1.dll
0x044b0000 - 0x044c7000 	C:\Documents and Settings\mfiume\Application Data\Dropbox\bin\DropboxExt.13.dll
0x59a60000 - 0x59b01000 	C:\WINDOWS\system32\dbghelp.dll
0x7c3a0000 - 0x7c41b000 	C:\Documents and Settings\mfiume\Application Data\Dropbox\bin\MSVCP71.dll
0x661d0000 - 0x663ef000 	C:\Program Files\Microsoft Office\Office12\GrooveShellExtensions.dll
0x68ef0000 - 0x68fe2000 	C:\Program Files\Microsoft Office\Office12\GrooveUtil.DLL
0x045f0000 - 0x0468b000 	C:\WINDOWS\WinSxS\x86_Microsoft.VC80.CRT_1fc8b3b9a1e18e3b_8.0.50727.4053_x-ww_e6967989\MSVCR80.dll
0x68ff0000 - 0x68ff7000 	C:\Program Files\Microsoft Office\Office12\GrooveNew.DLL
0x7c630000 - 0x7c64b000 	C:\WINDOWS\WinSxS\x86_Microsoft.VC80.ATL_1fc8b3b9a1e18e3b_8.0.50727.4053_x-ww_473666fd\ATL80.DLL
0x76380000 - 0x76385000 	C:\WINDOWS\system32\MSImg32.dll
0x77920000 - 0x77a13000 	C:\WINDOWS\system32\SETUPAPI.dll
0x76990000 - 0x769b5000 	C:\WINDOWS\system32\ntshrui.dll
0x76b20000 - 0x76b31000 	C:\WINDOWS\system32\ATL.DLL
0x76c30000 - 0x76c5e000 	C:\WINDOWS\system32\WINTRUST.dll
0x76c90000 - 0x76cb8000 	C:\WINDOWS\system32\IMAGEHLP.dll
0x04a40000 - 0x04d05000 	C:\WINDOWS\system32\xpsp2res.dll
0x04d10000 - 0x04d6b000 	C:\Program Files\Common Files\Adobe\Acrobat\ActiveX\PDFShell.dll
0x71b20000 - 0x71b32000 	C:\WINDOWS\system32\MPR.dll
0x75f60000 - 0x75f67000 	C:\WINDOWS\System32\drprov.dll
0x71c10000 - 0x71c1e000 	C:\WINDOWS\System32\ntlanman.dll
0x71cd0000 - 0x71ce7000 	C:\WINDOWS\System32\NETUI0.dll
0x71c90000 - 0x71cd0000 	C:\WINDOWS\System32\NETUI1.dll
0x71c80000 - 0x71c87000 	C:\WINDOWS\System32\NETRAP.dll
0x75f70000 - 0x75f7a000 	C:\WINDOWS\System32\davclnt.dll
0x75970000 - 0x75a68000 	C:\WINDOWS\system32\MSGINA.dll
0x74320000 - 0x7435d000 	C:\WINDOWS\system32\ODBC32.dll
0x76360000 - 0x76370000 	C:\WINDOWS\system32\WINSTA.dll
0x04eb0000 - 0x04ec7000 	C:\WINDOWS\system32\odbcint.dll
0x76980000 - 0x76988000 	C:\WINDOWS\system32\LINKINFO.dll
0x03dd0000 - 0x03ddf000 	C:\Program Files\ThinkPad\Bluetooth Software\btkeyind.dll
0x03df0000 - 0x03e01000 	C:\Program Files\Lenovo\HOTKEY\hkvolkey.dll
0x6d250000 - 0x6d273000 	C:\Program Files\Java\jdk1.6.0_17\jre\bin\dcpr.dll
0x04810000 - 0x04825000 	C:\WINDOWS\system32\nvwddi.dll

VM Arguments:
jvm_args: -Dfile.encoding=UTF-8 
java_command: savant.view.swing.Savant
Launcher Type: SUN_STANDARD

Environment Variables:
CLASSPATH=.;C:\Program Files\Java\libs\mysql-connector-java-5.1.10-bin.jar;C:\Program Files\Java\jre6\lib\ext\QTJava.zip
PATH=C:\Program Files\PHP\;C:\Program Files\MiKTeX 2.8\miktex\bin;C:\WINDOWS\system32;C:\WINDOWS;C:\WINDOWS\System32\Wbem;C:\Program Files\Diskeeper Corporation\Diskeeper\;C:\Program Files\ThinkPad\ConnectUtilities;C:\Program Files\Common Files\Lenovo;C:\Program Files\Lenovo\Client Security Solution;c:\Program Files\Microsoft SQL Server\90\Tools\binn\;C:\Program Files\MATLAB\R2009a\bin;C:\Program Files\MATLAB\R2009a\bin\win32;C:\Program Files\Common Files\Roxio Shared\DLLShared\;C:\Program Files\Common Files\Roxio Shared\9.0\DLLShared\;C:\Program Files\Common Files\DivX Shared\;C:\Program Files\QuickTime\QTSystem\;C:\Program Files\TortoiseSVN\bin;C:\Program Files\Common Files\Nero\Lib\;C:\Program Files\Common Files\Nero\Lib\
USERNAME=mfiume
OS=Windows_NT
PROCESSOR_IDENTIFIER=x86 Family 6 Model 23 Stepping 6, GenuineIntel



---------------  S Y S T E M  ---------------

OS: Windows XP Build 2600 Service Pack 3

CPU:total 2 (2 cores per cpu, 1 threads per core) family 6 model 23 stepping 6, cmov, cx8, fxsr, mmx, sse, sse2, sse3, ssse3, sse4.1

Memory: 4k page, physical 2097151k(1534948k free), swap 4194303k(3514396k free)

vm_info: Java HotSpot(TM) Client VM (14.3-b01) for windows-x86 JRE (1.6.0_17-b04), built on Oct 11 2009 00:52:06 by "java_re" with MS VC++ 7.1

time: Mon Jun 28 23:56:18 2010
elapsed time: 331 seconds

