#
# A fatal error has been detected by the Java Runtime Environment:
#
#  EXCEPTION_ACCESS_VIOLATION (0xc0000005) at pc=0x6d166ad0, pid=4764, tid=2648
#
# JRE version: 6.0_21-b07
# Java VM: Java HotSpot(TM) Client VM (17.0-b17 mixed mode windows-x86 )
# Problematic frame:
# C  [awt.dll+0xb6ad0]
#
# If you would like to submit a bug report, please visit:
#   http://java.sun.com/webapps/bugreport/crash.jsp
# The crash happened outside the Java Virtual Machine in native code.
# See problematic frame for where to report the bug.
#

---------------  T H R E A D  ---------------

Current thread (0x4acabc00):  JavaThread "AWT-Windows" daemon [_thread_in_native, id=2648, stack(0x4b0c0000,0x4b110000)]

siginfo: ExceptionCode=0xc0000005, reading address 0x00000000

Registers:
EAX=0x4b10f878, EBX=0x4acfb128, ECX=0x00000102, EDX=0x000000c0
ESP=0x4b10f860, EBP=0x75711450, ESI=0x00000000, EDI=0x000000c0
EIP=0x6d166ad0, EFLAGS=0x00010206

Top of Stack: (sp=0x4b10f860)
0x4b10f860:   4b10f878 00001000 00000000 4c830048
0x4b10f870:   00000001 4b10f868 4b10f86c 6d15e4ad
0x4b10f880:   00000000 00000000 4c830048 6d15e57a
0x4b10f890:   00000000 4c830048 00000001 6d15e67e
0x4b10f8a0:   4c830048 6d1137c2 02598e10 00000000
0x4b10f8b0:   6d1605b0 00000001 6d1b2f50 6d1b2938
0x4b10f8c0:   02598e10 6d1619d2 6d1b2f48 6d161bb9
0x4b10f8d0:   6d14a443 00000000 00000a58 00000000 

Instructions: (pc=0x6d166ad0)
0x6d166ac0:   05 00 20 00 00 50 c1 e2 05 8d 44 24 14 50 8b fa
0x6d166ad0:   8b 16 57 c1 e1 05 51 56 ff 52 2c 85 c0 0f 8c 93 


Stack: [0x4b0c0000,0x4b110000],  sp=0x4b10f860,  free space=13e4b10f344k
Native frames: (J=compiled Java code, j=interpreted, Vv=VM code, C=native code)
C  [awt.dll+0xb6ad0]

Java frames: (J=compiled Java code, j=interpreted, Vv=VM code)
j  sun.awt.windows.WToolkit.eventLoop()V+0
j  sun.awt.windows.WToolkit.run()V+52
j  java.lang.Thread.run()V+11
v  ~StubRoutines::call_stub

---------------  P R O C E S S  ---------------

Java Threads: ( => current thread )
  0x4c90ac00 JavaThread "Thread-5" [_thread_in_vm, id=5164, stack(0x4b560000,0x4b5b0000)]
  0x4c909000 JavaThread "Thread-1" daemon [_thread_in_native, id=5156, stack(0x4b440000,0x4b490000)]
  0x025e2000 JavaThread "Thread-6" [_thread_blocked, id=2940, stack(0x4b3f0000,0x4b440000)]
  0x4ac59000 JavaThread "Swing-Shell" daemon [_thread_blocked, id=4396, stack(0x4bb50000,0x4bba0000)]
  0x00309800 JavaThread "DestroyJavaVM" [_thread_blocked, id=2052, stack(0x00310000,0x00360000)]
  0x4c9d1800 JavaThread "TimerQueue" daemon [_thread_blocked, id=4256, stack(0x4f3a0000,0x4f3f0000)]
  0x4ace7c00 JavaThread "AWT-EventQueue-0" [_thread_blocked, id=3116, stack(0x4d270000,0x4d2c0000)]
=>0x4acabc00 JavaThread "AWT-Windows" daemon [_thread_in_native, id=2648, stack(0x4b0c0000,0x4b110000)]
  0x4acab400 JavaThread "AWT-Shutdown" [_thread_blocked, id=4928, stack(0x4b070000,0x4b0c0000)]
  0x4acaac00 JavaThread "Java2D Disposer" daemon [_thread_blocked, id=3748, stack(0x4ae50000,0x4aea0000)]
  0x025d4c00 JavaThread "Low Memory Detector" daemon [_thread_blocked, id=3848, stack(0x4aa70000,0x4aac0000)]
  0x025d0800 JavaThread "CompilerThread0" daemon [_thread_blocked, id=3884, stack(0x4a9e0000,0x4aa30000)]
  0x025cf800 JavaThread "Attach Listener" daemon [_thread_blocked, id=1300, stack(0x4a950000,0x4a9a0000)]
  0x025cc800 JavaThread "Signal Dispatcher" daemon [_thread_blocked, id=4868, stack(0x4a8c0000,0x4a910000)]
  0x0259f000 JavaThread "Finalizer" daemon [_thread_blocked, id=4452, stack(0x4a830000,0x4a880000)]
  0x0259a400 JavaThread "Reference Handler" daemon [_thread_blocked, id=4424, stack(0x4a7a0000,0x4a7f0000)]

Other Threads:
  0x02597400 VMThread [stack: 0x00470000,0x004c0000] [id=3368]
  0x025e6800 WatcherThread [stack: 0x4ab00000,0x4ab50000] [id=4032]

VM state:not at safepoint (normal execution)

VM Mutex/Monitor currently owned by a thread: None

Heap
 def new generation   total 78720K, used 61010K [0x04610000, 0x09b70000, 0x19b60000)
  eden space 70016K,  81% used [0x04610000, 0x07e16c40, 0x08a70000)
  from space 8704K,  41% used [0x08a70000, 0x08dfdca8, 0x092f0000)
  to   space 8704K,   0% used [0x092f0000, 0x092f0000, 0x09b70000)
 tenured generation   total 174784K, used 14181K [0x19b60000, 0x24610000, 0x44610000)
   the space 174784K,   8% used [0x19b60000, 0x1a9397c8, 0x1a939800, 0x24610000)
 compacting perm gen  total 19968K, used 19760K [0x44610000, 0x45990000, 0x48610000)
   the space 19968K,  98% used [0x44610000, 0x4595c0f8, 0x4595c200, 0x45990000)
No shared spaces configured.

Dynamic libraries:
0x00400000 - 0x00424000 	C:\Program Files (x86)\Java\jdk1.6.0_21\bin\java.exe
0x77510000 - 0x77690000 	C:\Windows\SysWOW64\ntdll.dll
0x75700000 - 0x75800000 	C:\Windows\syswow64\kernel32.dll
0x75d80000 - 0x75dc6000 	C:\Windows\syswow64\KERNELBASE.dll
0x76010000 - 0x760b0000 	C:\Windows\syswow64\ADVAPI32.dll
0x75650000 - 0x756fc000 	C:\Windows\syswow64\msvcrt.dll
0x760b0000 - 0x760c9000 	C:\Windows\SysWOW64\sechost.dll
0x77020000 - 0x77110000 	C:\Windows\syswow64\RPCRT4.dll
0x75080000 - 0x750e0000 	C:\Windows\syswow64\SspiCli.dll
0x75070000 - 0x7507c000 	C:\Windows\syswow64\CRYPTBASE.dll
0x7c340000 - 0x7c396000 	C:\Program Files (x86)\Java\jdk1.6.0_21\jre\bin\msvcr71.dll
0x6d8b0000 - 0x6db57000 	C:\Program Files (x86)\Java\jdk1.6.0_21\jre\bin\client\jvm.dll
0x75880000 - 0x75980000 	C:\Windows\syswow64\USER32.dll
0x75420000 - 0x754b0000 	C:\Windows\syswow64\GDI32.dll
0x75640000 - 0x7564a000 	C:\Windows\syswow64\LPK.dll
0x76f50000 - 0x76fed000 	C:\Windows\syswow64\USP10.dll
0x74be0000 - 0x74c12000 	C:\Windows\system32\WINMM.dll
0x761e0000 - 0x76240000 	C:\Windows\system32\IMM32.DLL
0x75b20000 - 0x75bec000 	C:\Windows\syswow64\MSCTF.dll
0x713f0000 - 0x7143b000 	C:\Windows\system32\apphelp.dll
0x6d860000 - 0x6d86c000 	C:\Program Files (x86)\Java\jdk1.6.0_21\jre\bin\verify.dll
0x6d3e0000 - 0x6d3ff000 	C:\Program Files (x86)\Java\jdk1.6.0_21\jre\bin\java.dll
0x6d340000 - 0x6d348000 	C:\Program Files (x86)\Java\jdk1.6.0_21\jre\bin\hpi.dll
0x75840000 - 0x75845000 	C:\Windows\syswow64\PSAPI.DLL
0x6d8a0000 - 0x6d8af000 	C:\Program Files (x86)\Java\jdk1.6.0_21\jre\bin\zip.dll
0x6d0b0000 - 0x6d1fa000 	C:\Program Files (x86)\Java\jdk1.6.0_21\jre\bin\awt.dll
0x74a90000 - 0x74ae1000 	C:\Windows\system32\WINSPOOL.DRV
0x75220000 - 0x7537c000 	C:\Windows\syswow64\ole32.dll
0x71890000 - 0x71a2e000 	C:\Windows\WinSxS\x86_microsoft.windows.common-controls_6595b64144ccf1df_6.0.7600.16661_none_420fe3fa2b8113bd\COMCTL32.dll
0x76e90000 - 0x76ee7000 	C:\Windows\syswow64\SHLWAPI.dll
0x71aa0000 - 0x71ab3000 	C:\Windows\system32\DWMAPI.DLL
0x72570000 - 0x725f0000 	C:\Windows\system32\uxtheme.dll
0x76240000 - 0x76e89000 	C:\Windows\syswow64\shell32.dll
0x6d2e0000 - 0x6d334000 	C:\Program Files (x86)\Java\jdk1.6.0_21\jre\bin\fontmanager.dll
0x728b0000 - 0x728c6000 	C:\Windows\system32\CRYPTSP.dll
0x72870000 - 0x728ab000 	C:\Windows\system32\rsaenh.dll
0x73a80000 - 0x73a97000 	C:\Windows\system32\USERENV.dll
0x73a70000 - 0x73a7b000 	C:\Windows\system32\profapi.dll
0x6d6c0000 - 0x6d6d3000 	C:\Program Files (x86)\Java\jdk1.6.0_21\jre\bin\net.dll
0x75fd0000 - 0x76005000 	C:\Windows\syswow64\WS2_32.dll
0x774e0000 - 0x774e6000 	C:\Windows\syswow64\NSI.dll
0x729a0000 - 0x729dc000 	C:\Windows\system32\mswsock.dll
0x72860000 - 0x72866000 	C:\Windows\System32\wship6.dll
0x71150000 - 0x71160000 	C:\Windows\system32\NLAapi.dll
0x72810000 - 0x72854000 	C:\Windows\system32\DNSAPI.dll
0x71140000 - 0x71148000 	C:\Windows\System32\winrnr.dll
0x71130000 - 0x71140000 	C:\Windows\system32\napinsp.dll
0x71110000 - 0x71122000 	C:\Windows\system32\pnrpnsp.dll
0x710e0000 - 0x71105000 	C:\Program Files (x86)\Bonjour\mdnsNSP.dll
0x72970000 - 0x7298c000 	C:\Windows\system32\Iphlpapi.DLL
0x72960000 - 0x72967000 	C:\Windows\system32\WINNSI.DLL
0x72990000 - 0x72995000 	C:\Windows\System32\wshtcpip.dll
0x74a20000 - 0x74a26000 	C:\Windows\system32\rasadhlp.dll
0x748a0000 - 0x748d8000 	C:\Windows\System32\fwpuclnt.dll
0x67ac0000 - 0x67c83000 	C:\Windows\system32\d3d9.dll
0x73990000 - 0x73999000 	C:\Windows\system32\VERSION.dll
0x6f3e0000 - 0x6f3e6000 	C:\Windows\system32\d3d8thk.dll
0x66710000 - 0x66e6c000 	C:\Windows\system32\nvd3dum.dll
0x728d0000 - 0x728f5000 	C:\Windows\system32\powrprof.dll
0x75980000 - 0x75b1d000 	C:\Windows\syswow64\SETUPAPI.dll
0x76ff0000 - 0x77017000 	C:\Windows\syswow64\CFGMGR32.dll
0x754b0000 - 0x7553f000 	C:\Windows\syswow64\OLEAUT32.dll
0x750e0000 - 0x750f2000 	C:\Windows\syswow64\DEVOBJ.dll
0x6d6e0000 - 0x6d6e9000 	C:\Program Files (x86)\Java\jdk1.6.0_21\jre\bin\nio.dll
0x4d2c0000 - 0x4d2c7000 	C:\Windows\SysWOW64\ctagent.DLL
0x75390000 - 0x75413000 	C:\Windows\syswow64\CLBCatQ.DLL
0x71290000 - 0x71385000 	C:\Windows\system32\propsys.dll
0x729e0000 - 0x72a01000 	C:\Windows\system32\ntmarta.dll
0x75bf0000 - 0x75c35000 	C:\Windows\syswow64\WLDAP32.dll
0x67920000 - 0x67ab8000 	C:\Windows\system32\NetworkExplorer.dll
0x73db0000 - 0x73dde000 	C:\Windows\System32\shdocvw.dll
0x723f0000 - 0x723fa000 	C:\Windows\system32\slc.dll
0x74010000 - 0x7410b000 	C:\Windows\system32\WindowsCodecs.dll
0x4beb0000 - 0x4bec7000 	C:\Users\mfiume\AppData\Roaming\Dropbox\bin\DropboxExt.13.dll
0x6f7d0000 - 0x6f8bb000 	C:\Windows\system32\dbghelp.dll
0x7c3a0000 - 0x7c41b000 	C:\Users\mfiume\AppData\Roaming\Dropbox\bin\MSVCP71.dll
0x73f90000 - 0x73fc1000 	C:\Windows\system32\EhStorShell.dll
0x6efb0000 - 0x6f3bb000 	C:\PROGRA~2\MICROS~2\Office14\GROOVEEX.DLL
0x71440000 - 0x714e3000 	C:\Windows\WinSxS\x86_microsoft.vc90.crt_1fc8b3b9a1e18e3b_9.0.30729.4926_none_508ed732bcbc0e5a\MSVCR90.dll
0x6f740000 - 0x6f7ce000 	C:\Windows\WinSxS\x86_microsoft.vc90.crt_1fc8b3b9a1e18e3b_9.0.30729.4926_none_508ed732bcbc0e5a\MSVCP90.dll
0x73fe0000 - 0x7400b000 	C:\Windows\WinSxS\x86_microsoft.vc90.atl_1fc8b3b9a1e18e3b_9.0.30729.4148_none_51ca66a2bbe76806\ATL90.DLL
0x6eba0000 - 0x6efaf000 	C:\PROGRA~2\COMMON~1\MICROS~1\OFFICE14\Cultures\office.odf
0x6ad20000 - 0x6b584000 	C:\PROGRA~2\MICROS~2\Office14\1033\GrooveIntlResource.dll
0x74110000 - 0x7417f000 	C:\Windows\system32\ntshrui.dll
0x72910000 - 0x72929000 	C:\Windows\system32\srvcli.dll
0x741e0000 - 0x741eb000 	C:\Windows\system32\cscapi.dll
0x741d0000 - 0x741d6000 	C:\Windows\system32\IconCodecService.dll
0x72770000 - 0x72782000 	C:\Windows\system32\MPR.dll
0x741c0000 - 0x741c8000 	C:\Windows\System32\drprov.dll
0x71a30000 - 0x71a59000 	C:\Windows\System32\WINSTA.dll
0x6f590000 - 0x6f5a4000 	C:\Windows\System32\ntlanman.dll
0x6f570000 - 0x6f586000 	C:\Windows\System32\davclnt.dll
0x741b0000 - 0x741b8000 	C:\Windows\System32\DAVHLPR.dll
0x72900000 - 0x7290f000 	C:\Windows\system32\wkscli.dll
0x72930000 - 0x72939000 	C:\Windows\system32\netutils.dll
0x67390000 - 0x675c8000 	C:\Windows\system32\wpdshext.dll
0x74ec0000 - 0x75050000 	C:\Windows\WinSxS\x86_microsoft.windows.gdiplus_6595b64144ccf1df_1.1.7600.16385_none_72fc7cbf861225ca\gdiplus.dll
0x6e710000 - 0x6e799000 	C:\Windows\system32\PortableDeviceApi.dll
0x75850000 - 0x7587d000 	C:\Windows\syswow64\WINTRUST.dll
0x75100000 - 0x7521c000 	C:\Windows\syswow64\CRYPT32.dll
0x75800000 - 0x7580c000 	C:\Windows\syswow64\MSASN1.dll
0x6e570000 - 0x6e5af000 	C:\Windows\system32\audiodev.dll
0x645d0000 - 0x64837000 	C:\Windows\system32\WMVCore.DLL
0x64590000 - 0x645cd000 	C:\Windows\system32\WMASF.DLL
0x6e540000 - 0x6e562000 	C:\Windows\system32\EhStorAPI.dll
0x74250000 - 0x74259000 	C:\Windows\system32\LINKINFO.dll
0x71560000 - 0x715d9000 	C:\Windows\system32\DeviceCenter.dll
0x73cf0000 - 0x73da2000 	C:\Windows\system32\DUI70.dll
0x725f0000 - 0x725f8000 	C:\Windows\system32\Secur32.dll
0x727c0000 - 0x727cf000 	C:\Windows\system32\samcli.dll
0x72350000 - 0x72362000 	C:\Windows\system32\SAMLIB.dll
0x6d250000 - 0x6d273000 	C:\Program Files (x86)\Java\jdk1.6.0_21\jre\bin\dcpr.dll

VM Arguments:
jvm_args: -Dfile.encoding=UTF-8 -Xms256m -Xmx1g 
java_command: savant.view.swing.Savant
Launcher Type: SUN_STANDARD

Environment Variables:
CLASSPATH=.;C:\Program Files (x86)\Java\jre6\lib\ext\QTJava.zip
PATH=C:\Program Files (x86)\MiKTeX 2.9\miktex/bin;C:\Windows\system32;C:\Windows;C:\Windows\System32\Wbem;C:\Windows\System32\WindowsPowerShell\v1.0\;C:\Program Files (x86)\QuickTime\QTSystem\;C:\Program Files\TortoiseSVN\bin;C:\Program Files (x86)\Java\jdk1.6.0_21\jre\bin
USERNAME=mfiume
OS=Windows_NT
PROCESSOR_IDENTIFIER=Intel64 Family 15 Model 4 Stepping 3, GenuineIntel



---------------  S Y S T E M  ---------------

OS: Windows 7 Build 7600 

CPU:total 2 (1 cores per cpu, 2 threads per core) family 15 model 4 stepping 3, cmov, cx8, fxsr, mmx, sse, sse2, sse3, ht

Memory: 4k page, physical 2095264k(574416k free), swap 4190528k(514368k free)

vm_info: Java HotSpot(TM) Client VM (17.0-b17) for windows-x86 JRE (1.6.0_21-b07), built on Jul 17 2010 01:10:15 by "java_re" with MS VC++ 7.1 (VS2003)

time: Thu Nov 25 16:58:40 2010
elapsed time: 88606 seconds

