#
# A fatal error has been detected by the Java Runtime Environment:
#
#  EXCEPTION_ACCESS_VIOLATION (0xc0000005) at pc=0x6d166ad0, pid=4384, tid=7252
#
# JRE version: 6.0_21-b07
# Java VM: Java HotSpot(TM) Client VM (17.0-b17 mixed mode windows-x86 )
# Problematic frame:
# C  [awt.dll+0xb6ad0]
#
# If you would like to submit a bug report, please visit:
#   http://java.sun.com/webapps/bugreport/crash.jsp
# The crash happened outside the Java Virtual Machine in native code.
# See problematic frame for where to report the bug.
#

---------------  T H R E A D  ---------------

Current thread (0x4a082000):  JavaThread "AWT-Windows" daemon [_thread_in_native, id=7252, stack(0x4a300000,0x4a350000)]

siginfo: ExceptionCode=0xc0000005, reading address 0x00000000

Registers:
EAX=0x4a34f724, EBX=0x4a104fc0, ECX=0x000001c6, EDX=0x000000c0
ESP=0x4a34f70c, EBP=0x4a34f8b8, ESI=0x00000000, EDI=0x000000c0
EIP=0x6d166ad0, EFLAGS=0x00010206

Top of Stack: (sp=0x4a34f70c)
0x4a34f70c:   4a34f724 00001000 00000690 4a09d9a0
0x4a34f71c:   00000015 00000690 4a09d9a0 6d15ecfb
0x4a34f72c:   00000000 4a16275c 4a09d9a0 4a09d9a0
0x4a34f73c:   4a34f71c 4a34f8b8 000003e6 00000690
0x4a34f74c:   4a09d9a0 6d1626bf 44d20000 44798000
0x4a34f75c:   00000690 000003e6 4a162748 6d163181
0x4a34f76c:   6d16361d 00000000 00000000 00000690
0x4a34f77c:   00000015 00009824 4a082118 00000001 

Instructions: (pc=0x6d166ad0)
0x6d166ac0:   05 00 20 00 00 50 c1 e2 05 8d 44 24 14 50 8b fa
0x6d166ad0:   8b 16 57 c1 e1 05 51 56 ff 52 2c 85 c0 0f 8c 93 


Stack: [0x4a300000,0x4a350000],  sp=0x4a34f70c,  free space=13d4a34f228k
Native frames: (J=compiled Java code, j=interpreted, Vv=VM code, C=native code)
C  [awt.dll+0xb6ad0]
C  [awt.dll+0x9c6dc]
C  [USER32.dll+0x186ef]
C  [USER32.dll+0x18876]
C  [USER32.dll+0x170f4]
C  [USER32.dll+0x1738f]
C  [ntdll.dll+0x4642e]
C  [USER32.dll+0x192a9]

Java frames: (J=compiled Java code, j=interpreted, Vv=VM code)
j  sun.awt.windows.WToolkit.eventLoop()V+0
j  sun.awt.windows.WToolkit.run()V+52
j  java.lang.Thread.run()V+11
v  ~StubRoutines::call_stub

---------------  P R O C E S S  ---------------

Java Threads: ( => current thread )
  0x4fdad000 JavaThread "1. VARiD" [_thread_in_native, id=2428, stack(0x4c9e0000,0x4ca30000)]
  0x49fc0000 JavaThread "Thread-5" [_thread_blocked, id=8068, stack(0x4eba0000,0x4ebf0000)]
  0x49fb0400 JavaThread "Thread-4" [_thread_blocked, id=5704, stack(0x4eb50000,0x4eba0000)]
  0x4d81dc00 JavaThread "D3D Screen Updater" daemon [_thread_blocked, id=6344, stack(0x4d900000,0x4d950000)]
  0x4d6b4c00 JavaThread "TimerQueue" daemon [_thread_blocked, id=6852, stack(0x4b400000,0x4b450000)]
  0x00539800 JavaThread "DestroyJavaVM" [_thread_blocked, id=6064, stack(0x001b0000,0x00200000)]
  0x4a083000 JavaThread "AWT-EventQueue-0" [_thread_in_native, id=8024, stack(0x4a490000,0x4a4e0000)]
=>0x4a082000 JavaThread "AWT-Windows" daemon [_thread_in_native, id=7252, stack(0x4a300000,0x4a350000)]
  0x4a081c00 JavaThread "AWT-Shutdown" [_thread_blocked, id=6972, stack(0x4a2b0000,0x4a300000)]
  0x4a0c2800 JavaThread "Java2D Disposer" daemon [_thread_blocked, id=7024, stack(0x4a230000,0x4a280000)]
  0x01b3ac00 JavaThread "Low Memory Detector" daemon [_thread_blocked, id=6692, stack(0x49ed0000,0x49f20000)]
  0x01b21400 JavaThread "CompilerThread0" daemon [_thread_blocked, id=8012, stack(0x49e80000,0x49ed0000)]
  0x01b1f400 JavaThread "Attach Listener" daemon [_thread_blocked, id=884, stack(0x49e30000,0x49e80000)]
  0x01b1c400 JavaThread "Signal Dispatcher" daemon [_thread_blocked, id=2540, stack(0x49de0000,0x49e30000)]
  0x01aee400 JavaThread "Finalizer" daemon [_thread_blocked, id=6700, stack(0x49d90000,0x49de0000)]
  0x01ae9800 JavaThread "Reference Handler" daemon [_thread_blocked, id=7948, stack(0x49d40000,0x49d90000)]

Other Threads:
  0x01ae7400 VMThread [stack: 0x49cf0000,0x49d40000] [id=6400]
  0x01b44000 WatcherThread [stack: 0x49f20000,0x49f70000] [id=7504]

VM state:not at safepoint (normal execution)

VM Mutex/Monitor currently owned by a thread: None

Heap
 def new generation   total 78720K, used 74781K [0x03b60000, 0x090c0000, 0x190b0000)
  eden space 70016K,  94% used [0x03b60000, 0x07be7410, 0x07fc0000)
  from space 8704K, 100% used [0x08840000, 0x090c0000, 0x090c0000)
  to   space 8704K,   0% used [0x07fc0000, 0x07fc0000, 0x08840000)
 tenured generation   total 174784K, used 4237K [0x190b0000, 0x23b60000, 0x43b60000)
   the space 174784K,   2% used [0x190b0000, 0x194d34c0, 0x194d3600, 0x23b60000)
 compacting perm gen  total 20224K, used 20144K [0x43b60000, 0x44f20000, 0x47b60000)
   the space 20224K,  99% used [0x43b60000, 0x44f0c328, 0x44f0c400, 0x44f20000)
No shared spaces configured.

Dynamic libraries:
0x00400000 - 0x00424000 	C:\Program Files\Java\jdk1.6.0_21\bin\java.exe
0x76f50000 - 0x7708c000 	C:\Windows\SYSTEM32\ntdll.dll
0x770a0000 - 0x77174000 	C:\Windows\system32\kernel32.dll
0x75150000 - 0x7519a000 	C:\Windows\system32\KERNELBASE.dll
0x76eb0000 - 0x76f50000 	C:\Windows\system32\ADVAPI32.dll
0x753a0000 - 0x7544c000 	C:\Windows\system32\msvcrt.dll
0x764f0000 - 0x76509000 	C:\Windows\SYSTEM32\sechost.dll
0x76780000 - 0x76821000 	C:\Windows\system32\RPCRT4.dll
0x7c340000 - 0x7c396000 	C:\Program Files\Java\jdk1.6.0_21\jre\bin\msvcr71.dll
0x6d8b0000 - 0x6db57000 	C:\Program Files\Java\jdk1.6.0_21\jre\bin\client\jvm.dll
0x76550000 - 0x76619000 	C:\Windows\system32\USER32.dll
0x755b0000 - 0x755fe000 	C:\Windows\system32\GDI32.dll
0x757a0000 - 0x757aa000 	C:\Windows\system32\LPK.dll
0x76e10000 - 0x76ead000 	C:\Windows\system32\USP10.dll
0x73430000 - 0x73462000 	C:\Windows\system32\WINMM.dll
0x764d0000 - 0x764ef000 	C:\Windows\system32\IMM32.DLL
0x76d40000 - 0x76e0c000 	C:\Windows\system32\MSCTF.dll
0x74fe0000 - 0x7502b000 	C:\Windows\system32\apphelp.dll
0x6c1b0000 - 0x6c1b5000 	C:\Windows\system32\avgrsstx.dll
0x6d860000 - 0x6d86c000 	C:\Program Files\Java\jdk1.6.0_21\jre\bin\verify.dll
0x6d3e0000 - 0x6d3ff000 	C:\Program Files\Java\jdk1.6.0_21\jre\bin\java.dll
0x6d340000 - 0x6d348000 	C:\Program Files\Java\jdk1.6.0_21\jre\bin\hpi.dll
0x757b0000 - 0x757b5000 	C:\Windows\system32\PSAPI.DLL
0x6d8a0000 - 0x6d8af000 	C:\Program Files\Java\jdk1.6.0_21\jre\bin\zip.dll
0x6d0b0000 - 0x6d1fa000 	C:\Program Files\Java\jdk1.6.0_21\jre\bin\awt.dll
0x737b0000 - 0x73801000 	C:\Windows\system32\WINSPOOL.DRV
0x75450000 - 0x755ac000 	C:\Windows\system32\ole32.dll
0x73f60000 - 0x740fe000 	C:\Windows\WinSxS\x86_microsoft.windows.common-controls_6595b64144ccf1df_6.0.7600.16385_none_421189da2b7fabfc\COMCTL32.dll
0x75740000 - 0x75797000 	C:\Windows\system32\SHLWAPI.dll
0x73bf0000 - 0x73c03000 	C:\Windows\system32\DWMAPI.DLL
0x73db0000 - 0x73df0000 	C:\Windows\system32\uxtheme.dll
0x75030000 - 0x7503c000 	C:\Windows\system32\CRYPTBASE.dll
0x757c0000 - 0x76409000 	C:\Windows\system32\shell32.dll
0x6d2e0000 - 0x6d334000 	C:\Program Files\Java\jdk1.6.0_21\jre\bin\fontmanager.dll
0x74970000 - 0x74986000 	C:\Windows\system32\CRYPTSP.dll
0x74710000 - 0x7474b000 	C:\Windows\system32\rsaenh.dll
0x74db0000 - 0x74dc7000 	C:\Windows\system32\USERENV.dll
0x750a0000 - 0x750ab000 	C:\Windows\system32\profapi.dll
0x6d6c0000 - 0x6d6d3000 	C:\Program Files\Java\jdk1.6.0_21\jre\bin\net.dll
0x76510000 - 0x76545000 	C:\Windows\system32\WS2_32.dll
0x77090000 - 0x77096000 	C:\Windows\system32\NSI.dll
0x74930000 - 0x7496c000 	C:\Windows\system32\mswsock.dll
0x74920000 - 0x74926000 	C:\Windows\System32\wship6.dll
0x73340000 - 0x73350000 	C:\Windows\system32\NLAapi.dll
0x747f0000 - 0x74834000 	C:\Windows\system32\DNSAPI.dll
0x70490000 - 0x70498000 	C:\Windows\System32\winrnr.dll
0x70480000 - 0x70490000 	C:\Windows\system32\napinsp.dll
0x70460000 - 0x70472000 	C:\Windows\system32\pnrpnsp.dll
0x70dc0000 - 0x70de5000 	C:\Program Files\Bonjour\mdnsNSP.dll
0x72d90000 - 0x72dac000 	C:\Windows\system32\Iphlpapi.DLL
0x72d80000 - 0x72d87000 	C:\Windows\system32\WINNSI.DLL
0x70450000 - 0x7045d000 	C:\Windows\system32\wshbth.dll
0x74d40000 - 0x74d45000 	C:\Windows\System32\wshtcpip.dll
0x70db0000 - 0x70db6000 	C:\Windows\system32\rasadhlp.dll
0x72c60000 - 0x72c98000 	C:\Windows\System32\fwpuclnt.dll
0x63b40000 - 0x63d03000 	C:\Windows\system32\d3d9.dll
0x746f0000 - 0x746f9000 	C:\Windows\system32\VERSION.dll
0x66630000 - 0x66636000 	C:\Windows\system32\d3d8thk.dll
0x55df0000 - 0x56555000 	C:\Windows\system32\nvd3dum.dll
0x73a40000 - 0x73a65000 	C:\Windows\system32\powrprof.dll
0x76830000 - 0x769cd000 	C:\Windows\system32\SETUPAPI.dll
0x75250000 - 0x75277000 	C:\Windows\system32\CFGMGR32.dll
0x76cb0000 - 0x76d3f000 	C:\Windows\system32\OLEAUT32.dll
0x751a0000 - 0x751b2000 	C:\Windows\system32\DEVOBJ.dll
0x6d6e0000 - 0x6d6e9000 	C:\Program Files\Java\jdk1.6.0_21\jre\bin\nio.dll
0x4b2d0000 - 0x4b308000 	C:\Program Files\ThinkPad\Bluetooth Software\btmmhook.dll
0x6d250000 - 0x6d273000 	C:\Program Files\Java\jdk1.6.0_21\jre\bin\dcpr.dll
0x4a850000 - 0x4a862000 	C:\Program Files\Lenovo\HOTKEY\hkvolkey.DLL

VM Arguments:
jvm_args: -Dfile.encoding=UTF-8 -Xms256m -Xmx1g 
java_command: savant.view.swing.Savant --debug
Launcher Type: SUN_STANDARD

Environment Variables:
CLASSPATH=.;C:\Program Files\Java\jre6\lib\ext\QTJava.zip
PATH=C:\Windows\system32;C:\Windows;C:\Windows\System32\Wbem;C:\Windows\System32\WindowsPowerShell\v1.0\;C:\Program Files\ThinkPad\Bluetooth Software\;C:\cygwin\bin;C:\Program Files\TortoiseSVN\bin;C:\Program Files\QuickTime\QTSystem\
USERNAME=mfiume
OS=Windows_NT
PROCESSOR_IDENTIFIER=x86 Family 6 Model 23 Stepping 6, GenuineIntel



---------------  S Y S T E M  ---------------

OS: Windows 7 Build 7600 

CPU:total 2 (2 cores per cpu, 1 threads per core) family 6 model 23 stepping 6, cmov, cx8, fxsr, mmx, sse, sse2, sse3, ssse3, sse4.1

Memory: 4k page, physical 3143984k(1025316k free), swap 6286204k(2282784k free)

vm_info: Java HotSpot(TM) Client VM (17.0-b17) for windows-x86 JRE (1.6.0_21-b07), built on Jul 17 2010 01:10:15 by "java_re" with MS VC++ 7.1 (VS2003)

time: Tue Sep 07 00:27:27 2010
elapsed time: 579 seconds

