#
# A fatal error has been detected by the Java Runtime Environment:
#
#  EXCEPTION_ACCESS_VIOLATION (0xc0000005) at pc=0x6d166ad0, pid=5176, tid=7660
#
# JRE version: 6.0_21-b07
# Java VM: Java HotSpot(TM) Client VM (17.0-b17 mixed mode windows-x86 )
# Problematic frame:
# C  [awt.dll+0xb6ad0]
#
# If you would like to submit a bug report, please visit:
#   http://java.sun.com/webapps/bugreport/crash.jsp
# The crash happened outside the Java Virtual Machine in native code.
# See problematic frame for where to report the bug.
#

---------------  T H R E A D  ---------------

Current thread (0x49eb1000):  JavaThread "AWT-Windows" daemon [_thread_in_native, id=7660, stack(0x49e50000,0x49ea0000)]

siginfo: ExceptionCode=0xc0000005, reading address 0x00000000

Registers:
EAX=0x49e9f724, EBX=0x49f226f8, ECX=0x00000054, EDX=0x000000c0
ESP=0x49e9f70c, EBP=0x49e9f8b8, ESI=0x00000000, EDI=0x000000c0
EIP=0x6d166ad0, EFLAGS=0x00010206

Top of Stack: (sp=0x49e9f70c)
0x49e9f70c:   49e9f724 00001000 000005a0 49ebb088
0x49e9f71c:   0000001a 000005a0 49ebb088 6d15ecfb
0x49e9f72c:   00000000 49f3c094 49ebb088 49ebb088
0x49e9f73c:   49e9f71c 49e9f8b8 00000369 000005a0
0x49e9f74c:   49ebb088 6d1626bf 44b40000 445a4000
0x49e9f75c:   000005a0 00000369 49f3c080 6d163181
0x49e9f76c:   6d16361d 00000000 00000000 000005a0
0x49e9f77c:   0000001a 00009824 49eb1118 00000001 

Instructions: (pc=0x6d166ad0)
0x6d166ac0:   05 00 20 00 00 50 c1 e2 05 8d 44 24 14 50 8b fa
0x6d166ad0:   8b 16 57 c1 e1 05 51 56 ff 52 2c 85 c0 0f 8c 93 


Stack: [0x49e50000,0x49ea0000],  sp=0x49e9f70c,  free space=13d49e9f228k
Native frames: (J=compiled Java code, j=interpreted, Vv=VM code, C=native code)
C  [awt.dll+0xb6ad0]
C  [awt.dll+0x9c6dc]
C  [USER32.dll+0x186ef]
C  [USER32.dll+0x18876]
C  [USER32.dll+0x170f4]
C  [USER32.dll+0x1738f]
C  [ntdll.dll+0x4627e]
C  [USER32.dll+0x192a9]

Java frames: (J=compiled Java code, j=interpreted, Vv=VM code)
j  sun.awt.windows.WToolkit.eventLoop()V+0
j  sun.awt.windows.WToolkit.run()V+52
j  java.lang.Thread.run()V+11
v  ~StubRoutines::call_stub

---------------  P R O C E S S  ---------------

Java Threads: ( => current thread )
  0x4e7cf400 JavaThread "Swing-Shell" daemon [_thread_blocked, id=6764, stack(0x4a5d0000,0x4a620000)]
  0x4a001c00 JavaThread "Thread-7" [_thread_blocked, id=4380, stack(0x4f720000,0x4f770000)]
  0x00899c00 JavaThread "DestroyJavaVM" [_thread_blocked, id=7972, stack(0x00280000,0x002d0000)]
  0x4a09ac00 JavaThread "TimerQueue" daemon [_thread_blocked, id=4388, stack(0x4dce0000,0x4dd30000)]
  0x4a03d400 JavaThread "D3D Screen Updater" daemon [_thread_blocked, id=7684, stack(0x4d920000,0x4d970000)]
  0x49ee8c00 JavaThread "AWT-EventQueue-0" [_thread_in_native, id=7000, stack(0x4b4d0000,0x4b520000)]
=>0x49eb1000 JavaThread "AWT-Windows" daemon [_thread_in_native, id=7660, stack(0x49e50000,0x49ea0000)]
  0x49eb0800 JavaThread "AWT-Shutdown" [_thread_blocked, id=7116, stack(0x49e00000,0x49e50000)]
  0x49eb0400 JavaThread "Java2D Disposer" daemon [_thread_blocked, id=7836, stack(0x49db0000,0x49e00000)]
  0x0167b000 JavaThread "Low Memory Detector" daemon [_thread_blocked, id=7876, stack(0x49a40000,0x49a90000)]
  0x01661400 JavaThread "CompilerThread0" daemon [_thread_blocked, id=4976, stack(0x499f0000,0x49a40000)]
  0x0165f800 JavaThread "Attach Listener" daemon [_thread_blocked, id=6184, stack(0x499a0000,0x499f0000)]
  0x0165c800 JavaThread "Signal Dispatcher" daemon [_thread_blocked, id=6092, stack(0x49950000,0x499a0000)]
  0x0162e800 JavaThread "Finalizer" daemon [_thread_blocked, id=7128, stack(0x49900000,0x49950000)]
  0x01629c00 JavaThread "Reference Handler" daemon [_thread_blocked, id=6008, stack(0x498b0000,0x49900000)]

Other Threads:
  0x01627800 VMThread [stack: 0x49860000,0x498b0000] [id=7644]
  0x01684400 WatcherThread [stack: 0x49a90000,0x49ae0000] [id=7572]

VM state:not at safepoint (normal execution)

VM Mutex/Monitor currently owned by a thread: None

Heap
 def new generation   total 78720K, used 12452K [0x036a0000, 0x08c00000, 0x18bf0000)
  eden space 70016K,  16% used [0x036a0000, 0x041fb040, 0x07b00000)
  from space 8704K,   9% used [0x07b00000, 0x07bce168, 0x08380000)
  to   space 8704K,   0% used [0x08380000, 0x08380000, 0x08c00000)
 tenured generation   total 174784K, used 11212K [0x18bf0000, 0x236a0000, 0x436a0000)
   the space 174784K,   6% used [0x18bf0000, 0x196e33c0, 0x196e3400, 0x236a0000)
 compacting perm gen  total 21248K, used 21098K [0x436a0000, 0x44b60000, 0x476a0000)
   the space 21248K,  99% used [0x436a0000, 0x44b3a8d8, 0x44b3aa00, 0x44b60000)
No shared spaces configured.

Dynamic libraries:
0x00400000 - 0x00424000 	C:\Program Files\Java\jdk1.6.0_21\bin\java.exe
0x76df0000 - 0x76f2d000 	C:\Windows\SYSTEM32\ntdll.dll
0x75ca0000 - 0x75d74000 	C:\Windows\system32\kernel32.dll
0x751a0000 - 0x751ea000 	C:\Windows\system32\KERNELBASE.dll
0x75e20000 - 0x75ec0000 	C:\Windows\system32\ADVAPI32.dll
0x75ec0000 - 0x75f6c000 	C:\Windows\system32\msvcrt.dll
0x75c80000 - 0x75c99000 	C:\Windows\SYSTEM32\sechost.dll
0x754e0000 - 0x75581000 	C:\Windows\system32\RPCRT4.dll
0x7c340000 - 0x7c396000 	C:\Program Files\Java\jdk1.6.0_21\jre\bin\msvcr71.dll
0x6d8b0000 - 0x6db57000 	C:\Program Files\Java\jdk1.6.0_21\jre\bin\client\jvm.dll
0x75f70000 - 0x76039000 	C:\Windows\system32\USER32.dll
0x758a0000 - 0x758ee000 	C:\Windows\system32\GDI32.dll
0x76f30000 - 0x76f3a000 	C:\Windows\system32\LPK.dll
0x75d80000 - 0x75e1d000 	C:\Windows\system32\USP10.dll
0x73530000 - 0x73562000 	C:\Windows\system32\WINMM.dll
0x75c60000 - 0x75c7f000 	C:\Windows\system32\IMM32.DLL
0x752c0000 - 0x7538c000 	C:\Windows\system32\MSCTF.dll
0x74e80000 - 0x74ecb000 	C:\Windows\system32\apphelp.dll
0x6c1b0000 - 0x6c1b5000 	C:\Windows\system32\avgrsstx.dll
0x6d860000 - 0x6d86c000 	C:\Program Files\Java\jdk1.6.0_21\jre\bin\verify.dll
0x6d3e0000 - 0x6d3ff000 	C:\Program Files\Java\jdk1.6.0_21\jre\bin\java.dll
0x6d340000 - 0x6d348000 	C:\Program Files\Java\jdk1.6.0_21\jre\bin\hpi.dll
0x758f0000 - 0x758f5000 	C:\Windows\system32\PSAPI.DLL
0x6d8a0000 - 0x6d8af000 	C:\Program Files\Java\jdk1.6.0_21\jre\bin\zip.dll
0x6d0b0000 - 0x6d1fa000 	C:\Program Files\Java\jdk1.6.0_21\jre\bin\awt.dll
0x73450000 - 0x734a1000 	C:\Windows\system32\WINSPOOL.DRV
0x75b00000 - 0x75c5c000 	C:\Windows\system32\ole32.dll
0x73d10000 - 0x73eae000 	C:\Windows\WinSxS\x86_microsoft.windows.common-controls_6595b64144ccf1df_6.0.7600.16661_none_420fe3fa2b8113bd\COMCTL32.dll
0x76050000 - 0x760a7000 	C:\Windows\system32\SHLWAPI.dll
0x73760000 - 0x73773000 	C:\Windows\system32\DWMAPI.DLL
0x73b90000 - 0x73bd0000 	C:\Windows\system32\uxtheme.dll
0x74ed0000 - 0x74edc000 	C:\Windows\system32\CRYPTBASE.dll
0x760b0000 - 0x76cf9000 	C:\Windows\system32\shell32.dll
0x6d2e0000 - 0x6d334000 	C:\Program Files\Java\jdk1.6.0_21\jre\bin\fontmanager.dll
0x74ae0000 - 0x74af6000 	C:\Windows\system32\CRYPTSP.dll
0x746f0000 - 0x7472b000 	C:\Windows\system32\rsaenh.dll
0x744c0000 - 0x744d7000 	C:\Windows\system32\USERENV.dll
0x74f40000 - 0x74f4b000 	C:\Windows\system32\profapi.dll
0x6d6c0000 - 0x6d6d3000 	C:\Program Files\Java\jdk1.6.0_21\jre\bin\net.dll
0x76f40000 - 0x76f75000 	C:\Windows\system32\WS2_32.dll
0x76040000 - 0x76046000 	C:\Windows\system32\NSI.dll
0x74aa0000 - 0x74adc000 	C:\Windows\system32\mswsock.dll
0x74a90000 - 0x74a96000 	C:\Windows\System32\wship6.dll
0x73930000 - 0x73940000 	C:\Windows\system32\NLAapi.dll
0x747d0000 - 0x74814000 	C:\Windows\system32\DNSAPI.dll
0x70730000 - 0x70738000 	C:\Windows\System32\winrnr.dll
0x6f2d0000 - 0x6f2e0000 	C:\Windows\system32\napinsp.dll
0x6f2b0000 - 0x6f2c2000 	C:\Windows\system32\pnrpnsp.dll
0x6f2a0000 - 0x6f2ad000 	C:\Windows\system32\wshbth.dll
0x707a0000 - 0x707c5000 	C:\Program Files\Bonjour\mdnsNSP.dll
0x72b30000 - 0x72b4c000 	C:\Windows\system32\Iphlpapi.DLL
0x72b20000 - 0x72b27000 	C:\Windows\system32\WINNSI.DLL
0x6ebc0000 - 0x6ebe7000 	C:\Program Files\Common Files\Microsoft Shared\Windows Live\WLIDNSP.DLL
0x743f0000 - 0x743f5000 	C:\Windows\System32\wshtcpip.dll
0x6ebb0000 - 0x6ebb6000 	C:\Windows\system32\rasadhlp.dll
0x723c0000 - 0x723f8000 	C:\Windows\System32\fwpuclnt.dll
0x67830000 - 0x679f3000 	C:\Windows\system32\d3d9.dll
0x74360000 - 0x74369000 	C:\Windows\system32\VERSION.dll
0x73230000 - 0x73236000 	C:\Windows\system32\d3d8thk.dll
0x56d00000 - 0x57465000 	C:\Windows\system32\nvd3dum.dll
0x73eb0000 - 0x73ed5000 	C:\Windows\system32\powrprof.dll
0x755c0000 - 0x7575d000 	C:\Windows\system32\SETUPAPI.dll
0x75210000 - 0x75237000 	C:\Windows\system32\CFGMGR32.dll
0x76d00000 - 0x76d8f000 	C:\Windows\system32\OLEAUT32.dll
0x751f0000 - 0x75202000 	C:\Windows\system32\DEVOBJ.dll
0x6d6e0000 - 0x6d6e9000 	C:\Program Files\Java\jdk1.6.0_21\jre\bin\nio.dll
0x4b530000 - 0x4b568000 	C:\Program Files\ThinkPad\Bluetooth Software\btmmhook.dll
0x76f90000 - 0x77013000 	C:\Windows\system32\CLBCatQ.DLL
0x6d250000 - 0x6d273000 	C:\Program Files\Java\jdk1.6.0_21\jre\bin\dcpr.dll
0x73bd0000 - 0x73cc5000 	C:\Windows\system32\propsys.dll
0x737d0000 - 0x737f1000 	C:\Windows\system32\ntmarta.dll
0x75390000 - 0x753d5000 	C:\Windows\system32\WLDAP32.dll
0x6b0c0000 - 0x6b258000 	C:\Windows\system32\NetworkExplorer.dll
0x6ae60000 - 0x6ae8e000 	C:\Windows\System32\shdocvw.dll
0x72f40000 - 0x72f4a000 	C:\Windows\system32\slc.dll
0x73570000 - 0x7366b000 	C:\Windows\system32\WindowsCodecs.dll
0x4a820000 - 0x4a838000 	C:\Program Files\Common Files\TortoiseOverlays\TortoiseOverlays.dll
0x4a850000 - 0x4a85e000 	C:\Program Files\TortoiseSVN\bin\TortoiseStub.dll
0x4eff0000 - 0x4f0ba000 	C:\Program Files\TortoiseSVN\bin\TortoiseSVN.dll
0x73f80000 - 0x73f85000 	C:\Windows\system32\SHFOLDER.dll
0x753e0000 - 0x754d5000 	C:\Windows\system32\WININET.dll
0x75760000 - 0x75896000 	C:\Windows\system32\urlmon.dll
0x74fc0000 - 0x750dc000 	C:\Windows\system32\CRYPT32.dll
0x74fb0000 - 0x74fbc000 	C:\Windows\system32\MSASN1.dll
0x75900000 - 0x75afa000 	C:\Windows\system32\iertutil.dll
0x6eec0000 - 0x6eee2000 	C:\Program Files\TortoiseSVN\bin\libapr_tsvn.dll
0x6ad80000 - 0x6ae23000 	C:\Windows\WinSxS\x86_microsoft.vc90.crt_1fc8b3b9a1e18e3b_9.0.30729.4974_none_50940634bcb759cb\MSVCR90.dll
0x6ee60000 - 0x6ee8f000 	C:\Program Files\TortoiseSVN\bin\libaprutil_tsvn.dll
0x4e6e0000 - 0x4e6f2000 	C:\Program Files\TortoiseSVN\bin\intl3_tsvn.dll
0x726b0000 - 0x7273e000 	C:\Windows\WinSxS\x86_microsoft.vc90.crt_1fc8b3b9a1e18e3b_9.0.30729.4974_none_50940634bcb759cb\MSVCP90.dll
0x4e700000 - 0x4e717000 	C:\Users\mfiume\AppData\Roaming\Dropbox\bin\DropboxExt.13.dll
0x4f2b0000 - 0x4f39b000 	C:\Windows\system32\dbghelp.dll
0x7c3a0000 - 0x7c41b000 	C:\Users\mfiume\AppData\Roaming\Dropbox\bin\MSVCP71.dll
0x6e530000 - 0x6e561000 	C:\Windows\system32\EhStorShell.dll
0x65fd0000 - 0x661ef000 	C:\Program Files\Microsoft Office\Office12\GrooveShellExtensions.dll
0x65ad0000 - 0x65bc2000 	C:\Program Files\Microsoft Office\Office12\GrooveUtil.DLL
0x74de0000 - 0x74e7b000 	C:\Windows\WinSxS\x86_microsoft.vc80.crt_1fc8b3b9a1e18e3b_8.0.50727.4927_none_d08a205e442db5b5\MSVCR80.dll
0x728f0000 - 0x728f7000 	C:\Program Files\Microsoft Office\Office12\GrooveNew.DLL
0x72830000 - 0x7284b000 	C:\Windows\WinSxS\x86_microsoft.vc80.atl_1fc8b3b9a1e18e3b_8.0.50727.4053_none_d1c738ec43578ea1\ATL80.DLL
0x72b70000 - 0x72b75000 	C:\Windows\system32\MSImg32.dll
0x728e0000 - 0x728e6000 	C:\Windows\system32\IconCodecService.dll
0x6b5b0000 - 0x6b5c2000 	C:\Windows\system32\MPR.dll
0x6d640000 - 0x6d648000 	C:\Windows\System32\drprov.dll
0x74580000 - 0x745a9000 	C:\Windows\System32\WINSTA.dll
0x6b590000 - 0x6b5a4000 	C:\Windows\System32\ntlanman.dll
0x6b570000 - 0x6b587000 	C:\Windows\System32\davclnt.dll
0x4f410000 - 0x4f418000 	C:\Windows\System32\DAVHLPR.dll
0x739b0000 - 0x739bf000 	C:\Windows\system32\wkscli.dll
0x4f420000 - 0x4f42b000 	C:\Windows\system32\cscapi.dll
0x739c0000 - 0x739c9000 	C:\Windows\system32\netutils.dll
0x64e80000 - 0x650b8000 	C:\Windows\system32\wpdshext.dll
0x73a00000 - 0x73b90000 	C:\Windows\WinSxS\x86_microsoft.windows.gdiplus_6595b64144ccf1df_1.1.7600.16385_none_72fc7cbf861225ca\gdiplus.dll
0x6ebf0000 - 0x6ec79000 	C:\Windows\system32\PortableDeviceApi.dll
0x75170000 - 0x7519d000 	C:\Windows\system32\WINTRUST.dll
0x70fa0000 - 0x70fdf000 	C:\Windows\system32\audiodev.dll
0x560f0000 - 0x56357000 	C:\Windows\system32\WMVCore.DLL
0x668a0000 - 0x668dd000 	C:\Windows\system32\WMASF.DLL
0x68c70000 - 0x68c92000 	C:\Windows\system32\EhStorAPI.dll
0x74d90000 - 0x74d98000 	C:\Windows\system32\Secur32.dll
0x74db0000 - 0x74dca000 	C:\Windows\system32\SSPICLI.DLL
0x739a0000 - 0x739af000 	C:\Windows\system32\samcli.dll
0x73cd0000 - 0x73ce2000 	C:\Windows\system32\SAMLIB.dll
0x739f0000 - 0x739fc000 	C:\Program Files\Common Files\Microsoft Shared\OFFICE12\MSOXEV.DLL
0x4a580000 - 0x4a592000 	C:\Program Files\Lenovo\HOTKEY\hkvolkey.DLL
0x5ecd0000 - 0x5f74f000 	C:\Windows\System32\ieframe.dll
0x73170000 - 0x731ac000 	C:\Windows\System32\OLEACC.dll

VM Arguments:
jvm_args: -Dfile.encoding=UTF-8 -Xms256m -Xmx1g 
java_command: savant.view.swing.Savant
Launcher Type: SUN_STANDARD

Environment Variables:
CLASSPATH=.;C:\Program Files\Java\jre6\lib\ext\QTJava.zip
PATH=C:\Program Files\Common Files\Microsoft Shared\Windows Live;C:\Program Files\MiKTeX 2.9\miktex/bin;C:\Windows\system32;C:\Windows;C:\Windows\System32\Wbem;C:\Windows\System32\WindowsPowerShell\v1.0\;C:\Program Files\ThinkPad\Bluetooth Software\;C:\cygwin\bin;C:\Program Files\TortoiseSVN\bin;C:\Python27\;C:\Program Files\QuickTime\QTSystem\;C:\Program Files\MATLAB\R2010b\runtime\win32;C:\Program Files\MATLAB\R2010b\bin
USERNAME=mfiume
OS=Windows_NT
PROCESSOR_IDENTIFIER=x86 Family 6 Model 23 Stepping 6, GenuineIntel



---------------  S Y S T E M  ---------------

OS: Windows 7 Build 7600 

CPU:total 2 (2 cores per cpu, 1 threads per core) family 6 model 23 stepping 6, cmov, cx8, fxsr, mmx, sse, sse2, sse3, ssse3, sse4.1

Memory: 4k page, physical 3143984k(1000804k free), swap 6286204k(2608960k free)

vm_info: Java HotSpot(TM) Client VM (17.0-b17) for windows-x86 JRE (1.6.0_21-b07), built on Jul 17 2010 01:10:15 by "java_re" with MS VC++ 7.1 (VS2003)

time: Tue Mar 01 11:30:40 2011
elapsed time: 7320 seconds

