#
# A fatal error has been detected by the Java Runtime Environment:
#
#  EXCEPTION_ACCESS_VIOLATION (0xc0000005) at pc=0x6d9ad56c, pid=1796, tid=5780
#
# JRE version: 6.0_21-b07
# Java VM: Java HotSpot(TM) Client VM (17.0-b17 mixed mode windows-x86 )
# Problematic frame:
# V  [jvm.dll+0xfd56c]
#
# If you would like to submit a bug report, please visit:
#   http://java.sun.com/webapps/bugreport/crash.jsp
#

---------------  T H R E A D  ---------------

Current thread (0x4ac70400):  JavaThread "Java2D Disposer" daemon [_thread_in_vm, id=5780, stack(0x4afb0000,0x4b000000)]

siginfo: ExceptionCode=0xc0000005, reading address 0x00000000

Registers:
EAX=0x02486938, EBX=0x00000000, ECX=0x00000000, EDX=0x4afff828
ESP=0x4afff818, EBP=0x4afff8f4, ESI=0x4ac6c918, EDI=0x4ac70400
EIP=0x6d9ad56c, EFLAGS=0x00010203

Top of Stack: (sp=0x4afff818)
0x4afff818:   4ac70400 4ac70518 4ac768b4 6d9a3b3d
0x4afff828:   02486938 4afff968 4afff848 4afff860
0x4afff838:   4ac70400 4afff928 6d9ad385 4afff968
0x4afff848:   02486938 4afff860 4ac70400 4bb91e0c
0x4afff858:   4ac70400 4ac70518 015a6029 00000000
0x4afff868:   4bdd0d00 00000000 4ac70400 44c5b120
0x4afff878:   02486938 00000000 a4305889 fffffffe
0x4afff888:   75d90849 75710184 00000238 ffffffff 

Instructions: (pc=0x6d9ad56c)
0x6d9ad55c:   01 8b 4d b0 8b 55 a4 8b 45 f4 89 04 8a ff 45 b0
0x6d9ad56c:   8b 03 8b 48 08 0f b7 51 2a 8b 40 0c 8b 4c 90 24 


Stack: [0x4afb0000,0x4b000000],  sp=0x4afff818,  free space=13e4afff2fck
Native frames: (J=compiled Java code, j=interpreted, Vv=VM code, C=native code)
V  [jvm.dll+0xfd56c]
V  [jvm.dll+0x1003c7]
C  [awt.dll+0x6c71c]
j  java.awt.Cursor.finalizeImpl(J)V+0
j  java.awt.Cursor.access$000(J)V+1
j  java.awt.Cursor$CursorDisposer.dispose()V+13
j  sun.java2d.Disposer.run()V+26
j  java.lang.Thread.run()V+11
v  ~StubRoutines::call_stub
V  [jvm.dll+0xf3abc]
V  [jvm.dll+0x1865b1]
V  [jvm.dll+0xf3c87]
V  [jvm.dll+0xf3cfd]
V  [jvm.dll+0x11dac0]
V  [jvm.dll+0x1e6fb4]
V  [jvm.dll+0x185f5c]
C  [msvcr71.dll+0x9565]
C  [kernel32.dll+0x13677]
C  [ntdll.dll+0x39d42]
C  [ntdll.dll+0x39d15]

Java frames: (J=compiled Java code, j=interpreted, Vv=VM code)
j  java.awt.Cursor.finalizeImpl(J)V+0
j  java.awt.Cursor.access$000(J)V+1
j  java.awt.Cursor$CursorDisposer.dispose()V+13
j  sun.java2d.Disposer.run()V+26
j  java.lang.Thread.run()V+11
v  ~StubRoutines::call_stub

---------------  P R O C E S S  ---------------

Java Threads: ( => current thread )
  0x4bd8b000 JavaThread "Thread-1" daemon [_thread_in_native, id=736, stack(0x4fc70000,0x4fcc0000)]
  0x004b9c00 JavaThread "DestroyJavaVM" [_thread_blocked, id=4840, stack(0x003b0000,0x00400000)]
  0x4bb65c00 JavaThread "TimerQueue" daemon [_thread_blocked, id=4632, stack(0x4b1f0000,0x4b240000)]
  0x4ac9f000 JavaThread "AWT-EventQueue-0" [_thread_blocked, id=5544, stack(0x4c160000,0x4c1b0000)]
  0x4ac6dc00 JavaThread "AWT-Windows" daemon [_thread_blocked, id=4556, stack(0x4b0d0000,0x4b120000)]
  0x4ac6d400 JavaThread "AWT-Shutdown" [_thread_blocked, id=4332, stack(0x4b040000,0x4b090000)]
=>0x4ac70400 JavaThread "Java2D Disposer" daemon [_thread_in_vm, id=5780, stack(0x4afb0000,0x4b000000)]
  0x02485000 JavaThread "Low Memory Detector" daemon [_thread_blocked, id=5268, stack(0x4aa30000,0x4aa80000)]
  0x02480800 JavaThread "CompilerThread0" daemon [_thread_blocked, id=5216, stack(0x4a9a0000,0x4a9f0000)]
  0x0247f800 JavaThread "Attach Listener" daemon [_thread_blocked, id=1576, stack(0x4a910000,0x4a960000)]
  0x0247c800 JavaThread "Signal Dispatcher" daemon [_thread_blocked, id=4148, stack(0x4a880000,0x4a8d0000)]
  0x0244f000 JavaThread "Finalizer" daemon [_thread_blocked, id=4036, stack(0x4a7f0000,0x4a840000)]
  0x0244a400 JavaThread "Reference Handler" daemon [_thread_blocked, id=1652, stack(0x4a760000,0x4a7b0000)]

Other Threads:
  0x02447800 VMThread [stack: 0x4a6d0000,0x4a720000] [id=5864]
  0x02496c00 WatcherThread [stack: 0x4aac0000,0x4ab10000] [id=1680]

VM state:synchronizing (normal execution)

VM Mutex/Monitor currently owned by a thread:  ([mutex/lock_event])
[0x004b7e58] Threads_lock - owner thread: 0x02447800

Heap
 def new generation   total 78656K, used 11300K [0x04540000, 0x09a90000, 0x19a90000)
  eden space 69952K,  10% used [0x04540000, 0x04c1bd28, 0x08990000)
  from space 8704K,  49% used [0x09210000, 0x0963d3c8, 0x09a90000)
  to   space 8704K,   0% used [0x08990000, 0x08990000, 0x09210000)
 tenured generation   total 174784K, used 0K [0x19a90000, 0x24540000, 0x44540000)
   the space 174784K,   0% used [0x19a90000, 0x19a90000, 0x19a90200, 0x24540000)
 compacting perm gen  total 16384K, used 16317K [0x44540000, 0x45540000, 0x48540000)
   the space 16384K,  99% used [0x44540000, 0x4552f7f8, 0x4552f800, 0x45540000)
No shared spaces configured.

Dynamic libraries:
0x00400000 - 0x00424000 	C:\Program Files (x86)\Java\jdk1.6.0_21\bin\java.exe
0x77510000 - 0x77690000 	C:\Windows\SysWOW64\ntdll.dll
0x75700000 - 0x75800000 	C:\Windows\syswow64\kernel32.dll
0x75d80000 - 0x75dc6000 	C:\Windows\syswow64\KERNELBASE.dll
0x76010000 - 0x760b0000 	C:\Windows\syswow64\ADVAPI32.dll
0x75650000 - 0x756fc000 	C:\Windows\syswow64\msvcrt.dll
0x760b0000 - 0x760c9000 	C:\Windows\SysWOW64\sechost.dll
0x77020000 - 0x77110000 	C:\Windows\syswow64\RPCRT4.dll
0x75080000 - 0x750e0000 	C:\Windows\syswow64\SspiCli.dll
0x75070000 - 0x7507c000 	C:\Windows\syswow64\CRYPTBASE.dll
0x7c340000 - 0x7c396000 	C:\Program Files (x86)\Java\jdk1.6.0_21\jre\bin\msvcr71.dll
0x6d8b0000 - 0x6db57000 	C:\Program Files (x86)\Java\jdk1.6.0_21\jre\bin\client\jvm.dll
0x75880000 - 0x75980000 	C:\Windows\syswow64\USER32.dll
0x75420000 - 0x754b0000 	C:\Windows\syswow64\GDI32.dll
0x75640000 - 0x7564a000 	C:\Windows\syswow64\LPK.dll
0x76f50000 - 0x76fed000 	C:\Windows\syswow64\USP10.dll
0x74be0000 - 0x74c12000 	C:\Windows\system32\WINMM.dll
0x761e0000 - 0x76240000 	C:\Windows\system32\IMM32.DLL
0x75b20000 - 0x75bec000 	C:\Windows\syswow64\MSCTF.dll
0x713f0000 - 0x7143b000 	C:\Windows\system32\apphelp.dll
0x6d860000 - 0x6d86c000 	C:\Program Files (x86)\Java\jdk1.6.0_21\jre\bin\verify.dll
0x6d3e0000 - 0x6d3ff000 	C:\Program Files (x86)\Java\jdk1.6.0_21\jre\bin\java.dll
0x6d340000 - 0x6d348000 	C:\Program Files (x86)\Java\jdk1.6.0_21\jre\bin\hpi.dll
0x75840000 - 0x75845000 	C:\Windows\syswow64\PSAPI.DLL
0x6d8a0000 - 0x6d8af000 	C:\Program Files (x86)\Java\jdk1.6.0_21\jre\bin\zip.dll
0x6d0b0000 - 0x6d1fa000 	C:\Program Files (x86)\Java\jdk1.6.0_21\jre\bin\awt.dll
0x74a90000 - 0x74ae1000 	C:\Windows\system32\WINSPOOL.DRV
0x75220000 - 0x7537c000 	C:\Windows\syswow64\ole32.dll
0x71890000 - 0x71a2e000 	C:\Windows\WinSxS\x86_microsoft.windows.common-controls_6595b64144ccf1df_6.0.7600.16661_none_420fe3fa2b8113bd\COMCTL32.dll
0x76e90000 - 0x76ee7000 	C:\Windows\syswow64\SHLWAPI.dll
0x71aa0000 - 0x71ab3000 	C:\Windows\system32\DWMAPI.DLL
0x72570000 - 0x725f0000 	C:\Windows\system32\uxtheme.dll
0x76240000 - 0x76e89000 	C:\Windows\syswow64\shell32.dll
0x6d2e0000 - 0x6d334000 	C:\Program Files (x86)\Java\jdk1.6.0_21\jre\bin\fontmanager.dll
0x728b0000 - 0x728c6000 	C:\Windows\system32\CRYPTSP.dll
0x72870000 - 0x728ab000 	C:\Windows\system32\rsaenh.dll
0x73a80000 - 0x73a97000 	C:\Windows\system32\USERENV.dll
0x73a70000 - 0x73a7b000 	C:\Windows\system32\profapi.dll
0x6d6c0000 - 0x6d6d3000 	C:\Program Files (x86)\Java\jdk1.6.0_21\jre\bin\net.dll
0x75fd0000 - 0x76005000 	C:\Windows\syswow64\WS2_32.dll
0x774e0000 - 0x774e6000 	C:\Windows\syswow64\NSI.dll
0x729a0000 - 0x729dc000 	C:\Windows\system32\mswsock.dll
0x72860000 - 0x72866000 	C:\Windows\System32\wship6.dll
0x71150000 - 0x71160000 	C:\Windows\system32\NLAapi.dll
0x72810000 - 0x72854000 	C:\Windows\system32\DNSAPI.dll
0x71140000 - 0x71148000 	C:\Windows\System32\winrnr.dll
0x71130000 - 0x71140000 	C:\Windows\system32\napinsp.dll
0x71110000 - 0x71122000 	C:\Windows\system32\pnrpnsp.dll
0x710e0000 - 0x71105000 	C:\Program Files (x86)\Bonjour\mdnsNSP.dll
0x72970000 - 0x7298c000 	C:\Windows\system32\Iphlpapi.DLL
0x72960000 - 0x72967000 	C:\Windows\system32\WINNSI.DLL
0x72990000 - 0x72995000 	C:\Windows\System32\wshtcpip.dll
0x74a20000 - 0x74a26000 	C:\Windows\system32\rasadhlp.dll
0x748a0000 - 0x748d8000 	C:\Windows\System32\fwpuclnt.dll
0x754b0000 - 0x7553f000 	C:\Windows\syswow64\OLEAUT32.dll
0x6d6e0000 - 0x6d6e9000 	C:\Program Files (x86)\Java\jdk1.6.0_21\jre\bin\nio.dll
0x4bfe0000 - 0x4bfe7000 	C:\Windows\SysWOW64\ctagent.DLL
0x75390000 - 0x75413000 	C:\Windows\syswow64\CLBCatQ.DLL
0x72450000 - 0x7245e000 	C:\Windows\system32\RpcRtRemote.dll

VM Arguments:
jvm_args: -Dfile.encoding=UTF-8 -Xms256m -Xmx1g 
java_command: savant.view.swing.Savant
Launcher Type: SUN_STANDARD

Environment Variables:
CLASSPATH=.;C:\Program Files (x86)\Java\jre6\lib\ext\QTJava.zip
PATH=C:\Program Files (x86)\MiKTeX 2.9\miktex/bin;C:\Windows\system32;C:\Windows;C:\Windows\System32\Wbem;C:\Windows\System32\WindowsPowerShell\v1.0\;C:\Program Files (x86)\QuickTime\QTSystem\;C:\Program Files\TortoiseSVN\bin;C:\Program Files (x86)\Java\jdk1.6.0_21\jre\bin
USERNAME=mfiume
OS=Windows_NT
PROCESSOR_IDENTIFIER=Intel64 Family 15 Model 4 Stepping 3, GenuineIntel



---------------  S Y S T E M  ---------------

OS: Windows 7 Build 7600 

CPU:total 2 (1 cores per cpu, 2 threads per core) family 15 model 4 stepping 3, cmov, cx8, fxsr, mmx, sse, sse2, sse3, ht

Memory: 4k page, physical 2095264k(626768k free), swap 4190528k(1852312k free)

vm_info: Java HotSpot(TM) Client VM (17.0-b17) for windows-x86 JRE (1.6.0_21-b07), built on Jul 17 2010 01:10:15 by "java_re" with MS VC++ 7.1 (VS2003)

time: Mon Dec 06 23:42:17 2010
elapsed time: 59 seconds

