#
# A fatal error has been detected by the Java Runtime Environment:
#
#  EXCEPTION_ACCESS_VIOLATION (0xc0000005) at pc=0x6d9ad56c, pid=5464, tid=5996
#
# JRE version: 6.0_21-b07
# Java VM: Java HotSpot(TM) Client VM (17.0-b17 mixed mode windows-x86 )
# Problematic frame:
# V  [jvm.dll+0xfd56c]
#
# If you would like to submit a bug report, please visit:
#   http://java.sun.com/webapps/bugreport/crash.jsp
#

---------------  T H R E A D  ---------------

Current thread (0x4a096800):  JavaThread "Java2D Disposer" daemon [_thread_in_vm, id=5996, stack(0x4a120000,0x4a170000)]

siginfo: ExceptionCode=0xc0000005, reading address 0x00000000

Registers:
EAX=0x01ab46e0, EBX=0x00000000, ECX=0x00000000, EDX=0x4a16fa28
ESP=0x4a16fa18, EBP=0x4a16faf4, ESI=0x4a095c80, EDI=0x4a096800
EIP=0x6d9ad56c, EFLAGS=0x00010203

Top of Stack: (sp=0x4a16fa18)
0x4a16fa18:   4a096800 4a096918 4a0a2de4 00000224
0x4a16fa28:   01ab46e0 755f17c4 c9b763df 4a096d20
0x4a16fa38:   00000224 4a096d00 00000024 00000001
0x4a16fa48:   00000000 00000000 00000000 00000000
0x4a16fa58:   00000000 00000000 00000000 00000000
0x4a16fa68:   4a0d82f8 00000000 4a16fa30 44292e58
0x4a16fa78:   4a16fdac 7560d5f5 f6fe8e9f fffffffe
0x4a16fa88:   755f17c4 75970103 00000224 ffffffff 

Instructions: (pc=0x6d9ad56c)
0x6d9ad55c:   01 8b 4d b0 8b 55 a4 8b 45 f4 89 04 8a ff 45 b0
0x6d9ad56c:   8b 03 8b 48 08 0f b7 51 2a 8b 40 0c 8b 4c 90 24 


Stack: [0x4a120000,0x4a170000],  sp=0x4a16fa18,  free space=13e4a16f534k
Native frames: (J=compiled Java code, j=interpreted, Vv=VM code, C=native code)
V  [jvm.dll+0xfd56c]
V  [jvm.dll+0x1003c7]
C  [awt.dll+0x6c71c]
j  java.awt.Cursor.finalizeImpl(J)V+0
j  java.awt.Cursor.access$000(J)V+1
j  java.awt.Cursor$CursorDisposer.dispose()V+13
j  sun.java2d.Disposer.run()V+26
j  java.lang.Thread.run()V+11
v  ~StubRoutines::call_stub
V  [jvm.dll+0xf3abc]
V  [jvm.dll+0x1865b1]
V  [jvm.dll+0xf3c87]
V  [jvm.dll+0xf3cfd]
V  [jvm.dll+0x11dac0]
V  [jvm.dll+0x1e6fb4]
V  [jvm.dll+0x185f5c]
C  [msvcr71.dll+0x9565]
C  [kernel32.dll+0x51194]
C  [ntdll.dll+0x5b495]
C  [ntdll.dll+0x5b468]

Java frames: (J=compiled Java code, j=interpreted, Vv=VM code)
j  java.awt.Cursor.finalizeImpl(J)V+0
j  java.awt.Cursor.access$000(J)V+1
j  java.awt.Cursor$CursorDisposer.dispose()V+13
j  sun.java2d.Disposer.run()V+26
j  java.lang.Thread.run()V+11
v  ~StubRoutines::call_stub

---------------  P R O C E S S  ---------------

Java Threads: ( => current thread )
  0x4a5e1400 JavaThread "Thread-1" daemon [_thread_in_native, id=4260, stack(0x4f2a0000,0x4f2f0000)]
  0x4a5e0000 JavaThread "Thread-6" [_thread_blocked, id=5608, stack(0x4f1b0000,0x4f200000)]
  0x4a099400 JavaThread "Thread-5" [_thread_blocked, id=5732, stack(0x4f8d0000,0x4f920000)]
  0x00369800 JavaThread "DestroyJavaVM" [_thread_blocked, id=1560, stack(0x002a0000,0x002f0000)]
  0x4a5df400 JavaThread "TimerQueue" daemon [_thread_blocked, id=4848, stack(0x4f160000,0x4f1b0000)]
  0x4a0d6400 JavaThread "AWT-EventQueue-0" [_thread_blocked, id=4888, stack(0x4ac10000,0x4ac60000)]
  0x4a0a2000 JavaThread "AWT-Windows" daemon [_thread_in_native, id=996, stack(0x4a3d0000,0x4a420000)]
  0x4a099000 JavaThread "AWT-Shutdown" [_thread_blocked, id=5436, stack(0x4a240000,0x4a290000)]
=>0x4a096800 JavaThread "Java2D Disposer" daemon [_thread_in_vm, id=5996, stack(0x4a120000,0x4a170000)]
  0x01abac00 JavaThread "Low Memory Detector" daemon [_thread_blocked, id=516, stack(0x49e80000,0x49ed0000)]
  0x01aa1400 JavaThread "CompilerThread0" daemon [_thread_blocked, id=464, stack(0x49e30000,0x49e80000)]
  0x01a9f800 JavaThread "Attach Listener" daemon [_thread_blocked, id=4580, stack(0x49de0000,0x49e30000)]
  0x01a9c800 JavaThread "Signal Dispatcher" daemon [_thread_blocked, id=1380, stack(0x49d90000,0x49de0000)]
  0x01a6e800 JavaThread "Finalizer" daemon [_thread_blocked, id=5880, stack(0x49d40000,0x49d90000)]
  0x01a69c00 JavaThread "Reference Handler" daemon [_thread_blocked, id=5000, stack(0x49cf0000,0x49d40000)]

Other Threads:
  0x01a67400 VMThread [stack: 0x00390000,0x003e0000] [id=6140]
  0x01ac4400 WatcherThread [stack: 0x49ed0000,0x49f20000] [id=5840]

VM state:not at safepoint (normal execution)

VM Mutex/Monitor currently owned by a thread: None

Heap
 def new generation   total 78720K, used 4691K [0x03b60000, 0x090c0000, 0x190b0000)
  eden space 70016K,   3% used [0x03b60000, 0x03d6d238, 0x07fc0000)
  from space 8704K,  29% used [0x08840000, 0x08ac7ce0, 0x090c0000)
  to   space 8704K,   0% used [0x07fc0000, 0x07fc0000, 0x08840000)
 tenured generation   total 174784K, used 8703K [0x190b0000, 0x23b60000, 0x43b60000)
   the space 174784K,   4% used [0x190b0000, 0x1992ff30, 0x19930000, 0x23b60000)
 compacting perm gen  total 20224K, used 20023K [0x43b60000, 0x44f20000, 0x47b60000)
   the space 20224K,  99% used [0x43b60000, 0x44eedc48, 0x44eede00, 0x44f20000)
No shared spaces configured.

Dynamic libraries:
0x00400000 - 0x00424000 	C:\Program Files\Java\jdk1.6.0_21\bin\java.exe
0x77240000 - 0x7737c000 	C:\Windows\SYSTEM32\ntdll.dll
0x75930000 - 0x75a04000 	C:\Windows\system32\kernel32.dll
0x755f0000 - 0x7563a000 	C:\Windows\system32\KERNELBASE.dll
0x76ac0000 - 0x76b60000 	C:\Windows\system32\ADVAPI32.dll
0x76b60000 - 0x76c0c000 	C:\Windows\system32\msvcrt.dll
0x75ba0000 - 0x75bb9000 	C:\Windows\SYSTEM32\sechost.dll
0x77190000 - 0x77231000 	C:\Windows\system32\RPCRT4.dll
0x7c340000 - 0x7c396000 	C:\Program Files\Java\jdk1.6.0_21\jre\bin\msvcr71.dll
0x6d8b0000 - 0x6db57000 	C:\Program Files\Java\jdk1.6.0_21\jre\bin\client\jvm.dll
0x76810000 - 0x768d9000 	C:\Windows\system32\USER32.dll
0x76d70000 - 0x76dbe000 	C:\Windows\system32\GDI32.dll
0x76dc0000 - 0x76dca000 	C:\Windows\system32\LPK.dll
0x77380000 - 0x7741d000 	C:\Windows\system32\USP10.dll
0x73ad0000 - 0x73b02000 	C:\Windows\system32\WINMM.dll
0x76dd0000 - 0x76def000 	C:\Windows\system32\IMM32.DLL
0x76ca0000 - 0x76d6c000 	C:\Windows\system32\MSCTF.dll
0x752d0000 - 0x7531b000 	C:\Windows\system32\apphelp.dll
0x6c1b0000 - 0x6c1b5000 	C:\Windows\system32\avgrsstx.dll
0x6d860000 - 0x6d86c000 	C:\Program Files\Java\jdk1.6.0_21\jre\bin\verify.dll
0x6d3e0000 - 0x6d3ff000 	C:\Program Files\Java\jdk1.6.0_21\jre\bin\java.dll
0x6d340000 - 0x6d348000 	C:\Program Files\Java\jdk1.6.0_21\jre\bin\hpi.dll
0x76df0000 - 0x76df5000 	C:\Windows\system32\PSAPI.DLL
0x6d8a0000 - 0x6d8af000 	C:\Program Files\Java\jdk1.6.0_21\jre\bin\zip.dll
0x6d0b0000 - 0x6d1fa000 	C:\Program Files\Java\jdk1.6.0_21\jre\bin\awt.dll
0x738b0000 - 0x73901000 	C:\Windows\system32\WINSPOOL.DRV
0x757d0000 - 0x7592c000 	C:\Windows\system32\ole32.dll
0x73ff0000 - 0x7418e000 	C:\Windows\WinSxS\x86_microsoft.windows.common-controls_6595b64144ccf1df_6.0.7600.16661_none_420fe3fa2b8113bd\COMCTL32.dll
0x75a10000 - 0x75a67000 	C:\Windows\system32\SHLWAPI.dll
0x73c80000 - 0x73c93000 	C:\Windows\system32\DWMAPI.DLL
0x73f70000 - 0x73fb0000 	C:\Windows\system32\uxtheme.dll
0x62740000 - 0x6274a000 	C:\ProgramData\Real\RealPlayer\BrowserRecordPlugin\Chrome\Hook\rpchromebrowserrecordhelper.dll
0x7c3a0000 - 0x7c41b000 	C:\Windows\system32\MSVCP71.dll
0x75bc0000 - 0x76809000 	C:\Windows\system32\SHELL32.dll
0x75320000 - 0x7532c000 	C:\Windows\system32\CRYPTBASE.dll
0x6d2e0000 - 0x6d334000 	C:\Program Files\Java\jdk1.6.0_21\jre\bin\fontmanager.dll
0x74da0000 - 0x74db6000 	C:\Windows\system32\CRYPTSP.dll
0x74b40000 - 0x74b7b000 	C:\Windows\system32\rsaenh.dll
0x74910000 - 0x74927000 	C:\Windows\system32\USERENV.dll
0x75390000 - 0x7539b000 	C:\Windows\system32\profapi.dll
0x6d6c0000 - 0x6d6d3000 	C:\Program Files\Java\jdk1.6.0_21\jre\bin\net.dll
0x75a70000 - 0x75aa5000 	C:\Windows\system32\WS2_32.dll
0x768e0000 - 0x768e6000 	C:\Windows\system32\NSI.dll
0x74d60000 - 0x74d9c000 	C:\Windows\system32\mswsock.dll
0x74d50000 - 0x74d56000 	C:\Windows\System32\wship6.dll
0x73990000 - 0x739a0000 	C:\Windows\system32\NLAapi.dll
0x74c20000 - 0x74c64000 	C:\Windows\system32\DNSAPI.dll
0x6fa40000 - 0x6fa48000 	C:\Windows\System32\winrnr.dll
0x6fa30000 - 0x6fa40000 	C:\Windows\system32\napinsp.dll
0x6fa10000 - 0x6fa22000 	C:\Windows\system32\pnrpnsp.dll
0x6fa00000 - 0x6fa0d000 	C:\Windows\system32\wshbth.dll
0x6f9c0000 - 0x6f9e5000 	C:\Program Files\Bonjour\mdnsNSP.dll
0x73590000 - 0x735ac000 	C:\Windows\system32\Iphlpapi.DLL
0x73580000 - 0x73587000 	C:\Windows\system32\WINNSI.DLL
0x6f990000 - 0x6f9b7000 	C:\Program Files\Common Files\Microsoft Shared\Windows Live\WLIDNSP.DLL
0x74840000 - 0x74845000 	C:\Windows\System32\wshtcpip.dll
0x6f4e0000 - 0x6f4e6000 	C:\Windows\system32\rasadhlp.dll
0x73450000 - 0x73488000 	C:\Windows\System32\fwpuclnt.dll
0x76f00000 - 0x76f8f000 	C:\Windows\system32\OLEAUT32.dll
0x6d6e0000 - 0x6d6e9000 	C:\Program Files\Java\jdk1.6.0_21\jre\bin\nio.dll
0x4ac60000 - 0x4ac98000 	C:\Program Files\ThinkPad\Bluetooth Software\btmmhook.dll
0x75b10000 - 0x75b93000 	C:\Windows\system32\CLBCatQ.DLL
0x6d250000 - 0x6d273000 	C:\Program Files\Java\jdk1.6.0_21\jre\bin\dcpr.dll
0x75220000 - 0x7522e000 	C:\Windows\system32\RpcRtRemote.dll

VM Arguments:
jvm_args: -Dfile.encoding=UTF-8 -Xms256m -Xmx1g 
java_command: savant.view.swing.Savant
Launcher Type: SUN_STANDARD

Environment Variables:
CLASSPATH=.;C:\Program Files\Java\jre6\lib\ext\QTJava.zip
PATH=C:\Program Files\Common Files\Microsoft Shared\Windows Live;C:\Program Files\MiKTeX 2.9\miktex/bin;C:\Windows\system32;C:\Windows;C:\Windows\System32\Wbem;C:\Windows\System32\WindowsPowerShell\v1.0\;C:\Program Files\ThinkPad\Bluetooth Software\;C:\cygwin\bin;C:\Program Files\TortoiseSVN\bin;C:\Python27\;C:\Program Files\QuickTime\QTSystem\;C:\Program Files\MATLAB\R2010b\runtime\win32;C:\Program Files\MATLAB\R2010b\bin
USERNAME=mfiume
OS=Windows_NT
PROCESSOR_IDENTIFIER=x86 Family 6 Model 23 Stepping 6, GenuineIntel



---------------  S Y S T E M  ---------------

OS: Windows 7 Build 7600 

CPU:total 2 (2 cores per cpu, 1 threads per core) family 6 model 23 stepping 6, cmov, cx8, fxsr, mmx, sse, sse2, sse3, ssse3, sse4.1

Memory: 4k page, physical 3143984k(1202336k free), swap 6286204k(3973436k free)

vm_info: Java HotSpot(TM) Client VM (17.0-b17) for windows-x86 JRE (1.6.0_21-b07), built on Jul 17 2010 01:10:15 by "java_re" with MS VC++ 7.1 (VS2003)

time: Tue Jan 11 14:13:17 2011
elapsed time: 132 seconds

