#
# A fatal error has been detected by the Java Runtime Environment:
#
#  EXCEPTION_ACCESS_VIOLATION (0xc0000005) at pc=0x6d9ad56c, pid=7104, tid=1676
#
# JRE version: 6.0_21-b07
# Java VM: Java HotSpot(TM) Client VM (17.0-b17 mixed mode windows-x86 )
# Problematic frame:
# V  [jvm.dll+0xfd56c]
#
# If you would like to submit a bug report, please visit:
#   http://java.sun.com/webapps/bugreport/crash.jsp
#

---------------  T H R E A D  ---------------

Current thread (0x4a0e1000):  JavaThread "Java2D Disposer" daemon [_thread_in_vm, id=1676, stack(0x4a1d0000,0x4a220000)]

siginfo: ExceptionCode=0xc0000005, reading address 0x00000000

Registers:
EAX=0x01b6b578, EBX=0x00000000, ECX=0x00000000, EDX=0x4a21fa28
ESP=0x4a21fa18, EBP=0x4a21faf4, ESI=0x4a0e65b0, EDI=0x4a0e1000
EIP=0x6d9ad56c, EFLAGS=0x00010203

Top of Stack: (sp=0x4a21fa18)
0x4a21fa18:   4a0e1000 4a0e1118 4a0ed6c4 4a0e1000
0x4a21fa28:   01b6b578 4a21fa3c 4a0e65b0 01b6b150
0x4a21fa38:   01b6b158 01b6b544 00000400 01dd80cc
0x4a21fa48:   00000009 01dd7f48 00000000 4a21fce0
0x4a21fa58:   01ba02cb 4a21fa8c 6d8b1086 4a0e1000
0x4a21fa68:   4a003fb0 4a0e1000 4a0e1000 4a0e1000
0x4a21fa78:   0101fa00 4a21fdac 4a21fbf0 01dd6150
0x4a21fa88:   01dd5f48 00000100 4a21fc28 4a21fbf0 

Instructions: (pc=0x6d9ad56c)
0x6d9ad55c:   01 8b 4d b0 8b 55 a4 8b 45 f4 89 04 8a ff 45 b0
0x6d9ad56c:   8b 03 8b 48 08 0f b7 51 2a 8b 40 0c 8b 4c 90 24 


Stack: [0x4a1d0000,0x4a220000],  sp=0x4a21fa18,  free space=13e4a21f534k
Native frames: (J=compiled Java code, j=interpreted, Vv=VM code, C=native code)
V  [jvm.dll+0xfd56c]
V  [jvm.dll+0x1003c7]
C  [awt.dll+0x6c71c]
j  java.awt.Cursor.finalizeImpl(J)V+0
j  java.awt.Cursor.access$000(J)V+1
j  java.awt.Cursor$CursorDisposer.dispose()V+13
j  sun.java2d.Disposer.run()V+26
j  java.lang.Thread.run()V+11
v  ~StubRoutines::call_stub
V  [jvm.dll+0xf3abc]
V  [jvm.dll+0x1865b1]
V  [jvm.dll+0xf3c87]
V  [jvm.dll+0xf3cfd]
V  [jvm.dll+0x11dac0]
V  [jvm.dll+0x1e6fb4]
V  [jvm.dll+0x185f5c]
C  [msvcr71.dll+0x9565]
C  [kernel32.dll+0x51194]
C  [ntdll.dll+0x5b429]
C  [ntdll.dll+0x5b3fc]

Java frames: (J=compiled Java code, j=interpreted, Vv=VM code)
j  java.awt.Cursor.finalizeImpl(J)V+0
j  java.awt.Cursor.access$000(J)V+1
j  java.awt.Cursor$CursorDisposer.dispose()V+13
j  sun.java2d.Disposer.run()V+26
j  java.lang.Thread.run()V+11
v  ~StubRoutines::call_stub

---------------  P R O C E S S  ---------------

Java Threads: ( => current thread )
  0x4c0dcc00 JavaThread "Thread-1" daemon [_thread_in_native, id=7208, stack(0x4a910000,0x4a960000)]
  0x4c0dd400 JavaThread "Thread-7" [_thread_blocked, id=1920, stack(0x4d860000,0x4d8b0000)]
  0x4c0dc800 JavaThread "DestroyJavaVM" [_thread_blocked, id=6768, stack(0x00180000,0x001d0000)]
  0x4c020400 JavaThread "TimerQueue" daemon [_thread_blocked, id=960, stack(0x4d970000,0x4d9c0000)]
  0x4a0ff000 JavaThread "AWT-EventQueue-0" [_thread_blocked, id=5468, stack(0x4a9b0000,0x4aa00000)]
  0x4a0e4c00 JavaThread "AWT-Windows" daemon [_thread_blocked, id=5060, stack(0x4a270000,0x4a2c0000)]
  0x4a0e1400 JavaThread "AWT-Shutdown" [_thread_blocked, id=6044, stack(0x4a220000,0x4a270000)]
=>0x4a0e1000 JavaThread "Java2D Disposer" daemon [_thread_in_vm, id=1676, stack(0x4a1d0000,0x4a220000)]
  0x01b6a000 JavaThread "Low Memory Detector" daemon [_thread_blocked, id=5584, stack(0x49e70000,0x49ec0000)]
  0x01b60800 JavaThread "CompilerThread0" daemon [_thread_blocked, id=4152, stack(0x49e20000,0x49e70000)]
  0x01b5f800 JavaThread "Attach Listener" daemon [_thread_blocked, id=2492, stack(0x49dd0000,0x49e20000)]
  0x01b5c800 JavaThread "Signal Dispatcher" daemon [_thread_blocked, id=5248, stack(0x49d80000,0x49dd0000)]
  0x01b2b400 JavaThread "Finalizer" daemon [_thread_blocked, id=1536, stack(0x49d30000,0x49d80000)]
  0x01b29c00 JavaThread "Reference Handler" daemon [_thread_blocked, id=7660, stack(0x00c20000,0x00c70000)]

Other Threads:
  0x01b27800 VMThread [stack: 0x00bd0000,0x00c20000] [id=5548]
  0x01b85400 WatcherThread [stack: 0x49ec0000,0x49f10000] [id=8004]

VM state:synchronizing (normal execution)

VM Mutex/Monitor currently owned by a thread:  ([mutex/lock_event])
[0x00c87cb0] Threads_lock - owner thread: 0x01b27800

Heap
 def new generation   total 78720K, used 9921K [0x03ba0000, 0x09100000, 0x190f0000)
  eden space 70016K,   5% used [0x03ba0000, 0x03f0d3f0, 0x08000000)
  from space 8704K,  73% used [0x08880000, 0x08ec3020, 0x09100000)
  to   space 8704K,   0% used [0x08000000, 0x08000000, 0x08880000)
 tenured generation   total 174784K, used 21911K [0x190f0000, 0x23ba0000, 0x43ba0000)
   the space 174784K,  12% used [0x190f0000, 0x1a655f38, 0x1a656000, 0x23ba0000)
 compacting perm gen  total 20992K, used 20785K [0x43ba0000, 0x45020000, 0x47ba0000)
   the space 20992K,  99% used [0x43ba0000, 0x44fec400, 0x44fec400, 0x45020000)
No shared spaces configured.

Dynamic libraries:
0x00400000 - 0x00424000 	C:\Program Files\Java\jdk1.6.0_21\bin\java.exe
0x77b40000 - 0x77c7d000 	C:\Windows\SYSTEM32\ntdll.dll
0x77a60000 - 0x77b34000 	C:\Windows\system32\kernel32.dll
0x75e30000 - 0x75e7a000 	C:\Windows\system32\KERNELBASE.dll
0x76060000 - 0x76100000 	C:\Windows\system32\ADVAPI32.dll
0x76870000 - 0x7691c000 	C:\Windows\system32\msvcrt.dll
0x76440000 - 0x76459000 	C:\Windows\SYSTEM32\sechost.dll
0x76660000 - 0x76701000 	C:\Windows\system32\RPCRT4.dll
0x7c340000 - 0x7c396000 	C:\Program Files\Java\jdk1.6.0_21\jre\bin\msvcr71.dll
0x6d8b0000 - 0x6db57000 	C:\Program Files\Java\jdk1.6.0_21\jre\bin\client\jvm.dll
0x76920000 - 0x769e9000 	C:\Windows\system32\USER32.dll
0x76380000 - 0x763ce000 	C:\Windows\system32\GDI32.dll
0x77c90000 - 0x77c9a000 	C:\Windows\system32\LPK.dll
0x76290000 - 0x7632d000 	C:\Windows\system32\USP10.dll
0x740e0000 - 0x74112000 	C:\Windows\system32\WINMM.dll
0x77d50000 - 0x77d6f000 	C:\Windows\system32\IMM32.DLL
0x75f90000 - 0x7605c000 	C:\Windows\system32\MSCTF.dll
0x75bd0000 - 0x75c1b000 	C:\Windows\system32\apphelp.dll
0x6c1b0000 - 0x6c1b5000 	C:\Windows\system32\avgrsstx.dll
0x6d860000 - 0x6d86c000 	C:\Program Files\Java\jdk1.6.0_21\jre\bin\verify.dll
0x6d3e0000 - 0x6d3ff000 	C:\Program Files\Java\jdk1.6.0_21\jre\bin\java.dll
0x6d340000 - 0x6d348000 	C:\Program Files\Java\jdk1.6.0_21\jre\bin\hpi.dll
0x77c80000 - 0x77c85000 	C:\Windows\system32\PSAPI.DLL
0x6d8a0000 - 0x6d8af000 	C:\Program Files\Java\jdk1.6.0_21\jre\bin\zip.dll
0x6d0b0000 - 0x6d1fa000 	C:\Program Files\Java\jdk1.6.0_21\jre\bin\awt.dll
0x743b0000 - 0x74401000 	C:\Windows\system32\WINSPOOL.DRV
0x76710000 - 0x7686c000 	C:\Windows\system32\ole32.dll
0x74b10000 - 0x74cae000 	C:\Windows\WinSxS\x86_microsoft.windows.common-controls_6595b64144ccf1df_6.0.7600.16661_none_420fe3fa2b8113bd\COMCTL32.dll
0x769f0000 - 0x76a47000 	C:\Windows\system32\SHLWAPI.dll
0x74580000 - 0x74593000 	C:\Windows\system32\DWMAPI.DLL
0x74ab0000 - 0x74af0000 	C:\Windows\system32\uxtheme.dll
0x62740000 - 0x6274a000 	C:\ProgramData\Real\RealPlayer\BrowserRecordPlugin\Chrome\Hook\rpchromebrowserrecordhelper.dll
0x7c3a0000 - 0x7c41b000 	C:\Windows\system32\MSVCP71.dll
0x76d30000 - 0x77979000 	C:\Windows\system32\SHELL32.dll
0x75c20000 - 0x75c2c000 	C:\Windows\system32\CRYPTBASE.dll
0x6d2e0000 - 0x6d334000 	C:\Program Files\Java\jdk1.6.0_21\jre\bin\fontmanager.dll
0x755d0000 - 0x755e6000 	C:\Windows\system32\CRYPTSP.dll
0x75370000 - 0x753ab000 	C:\Windows\system32\rsaenh.dll
0x75210000 - 0x75227000 	C:\Windows\system32\USERENV.dll
0x75c90000 - 0x75c9b000 	C:\Windows\system32\profapi.dll
0x6d6c0000 - 0x6d6d3000 	C:\Program Files\Java\jdk1.6.0_21\jre\bin\net.dll
0x763d0000 - 0x76405000 	C:\Windows\system32\WS2_32.dll
0x77ca0000 - 0x77ca6000 	C:\Windows\system32\NSI.dll
0x75590000 - 0x755cc000 	C:\Windows\system32\mswsock.dll
0x75580000 - 0x75586000 	C:\Windows\System32\wship6.dll
0x73ff0000 - 0x74000000 	C:\Windows\system32\NLAapi.dll
0x75450000 - 0x75494000 	C:\Windows\system32\DNSAPI.dll
0x70210000 - 0x70218000 	C:\Windows\System32\winrnr.dll
0x70200000 - 0x70210000 	C:\Windows\system32\napinsp.dll
0x6ff60000 - 0x6ff72000 	C:\Windows\system32\pnrpnsp.dll
0x6ff50000 - 0x6ff5d000 	C:\Windows\system32\wshbth.dll
0x71390000 - 0x713b5000 	C:\Program Files\Bonjour\mdnsNSP.dll
0x73b30000 - 0x73b4c000 	C:\Windows\system32\Iphlpapi.DLL
0x73b20000 - 0x73b27000 	C:\Windows\system32\WINNSI.DLL
0x71920000 - 0x71947000 	C:\Program Files\Common Files\Microsoft Shared\Windows Live\WLIDNSP.DLL
0x75140000 - 0x75145000 	C:\Windows\System32\wshtcpip.dll
0x71910000 - 0x71916000 	C:\Windows\system32\rasadhlp.dll
0x739e0000 - 0x73a18000 	C:\Windows\System32\fwpuclnt.dll
0x750b0000 - 0x750b9000 	C:\Windows\system32\VERSION.dll
0x76a50000 - 0x76bed000 	C:\Windows\system32\SETUPAPI.dll
0x75e80000 - 0x75ea7000 	C:\Windows\system32\CFGMGR32.dll
0x77cb0000 - 0x77d3f000 	C:\Windows\system32\OLEAUT32.dll
0x75eb0000 - 0x75ec2000 	C:\Windows\system32\DEVOBJ.dll
0x6d6e0000 - 0x6d6e9000 	C:\Program Files\Java\jdk1.6.0_21\jre\bin\nio.dll
0x4a810000 - 0x4a848000 	C:\Program Files\ThinkPad\Bluetooth Software\btmmhook.dll
0x76100000 - 0x76183000 	C:\Windows\system32\CLBCatQ.DLL
0x6d250000 - 0x6d273000 	C:\Program Files\Java\jdk1.6.0_21\jre\bin\dcpr.dll
0x74990000 - 0x74a85000 	C:\Windows\system32\propsys.dll
0x75080000 - 0x750a1000 	C:\Windows\system32\ntmarta.dll
0x76330000 - 0x76375000 	C:\Windows\system32\WLDAP32.dll
0x74450000 - 0x7454b000 	C:\Windows\system32\WindowsCodecs.dll
0x52420000 - 0x52438000 	C:\Program Files\Common Files\TortoiseOverlays\TortoiseOverlays.dll
0x52450000 - 0x5245e000 	C:\Program Files\TortoiseSVN\bin\TortoiseStub.dll
0x52510000 - 0x525da000 	C:\Program Files\TortoiseSVN\bin\TortoiseSVN.dll
0x6f1c0000 - 0x6f1c5000 	C:\Windows\system32\SHFOLDER.dll
0x76190000 - 0x76285000 	C:\Windows\system32\WININET.dll
0x76bf0000 - 0x76d26000 	C:\Windows\system32\urlmon.dll
0x75d10000 - 0x75e2c000 	C:\Windows\system32\CRYPT32.dll
0x75d00000 - 0x75d0c000 	C:\Windows\system32\MSASN1.dll
0x76460000 - 0x7665a000 	C:\Windows\system32\iertutil.dll
0x6eec0000 - 0x6eee2000 	C:\Program Files\TortoiseSVN\bin\libapr_tsvn.dll
0x6dbe0000 - 0x6dc83000 	C:\Windows\WinSxS\x86_microsoft.vc90.crt_1fc8b3b9a1e18e3b_9.0.30729.4974_none_50940634bcb759cb\MSVCR90.dll
0x6ee60000 - 0x6ee8f000 	C:\Program Files\TortoiseSVN\bin\libaprutil_tsvn.dll
0x524a0000 - 0x524b2000 	C:\Program Files\TortoiseSVN\bin\intl3_tsvn.dll
0x525e0000 - 0x5266e000 	C:\Windows\WinSxS\x86_microsoft.vc90.crt_1fc8b3b9a1e18e3b_9.0.30729.4974_none_50940634bcb759cb\MSVCP90.dll
0x52670000 - 0x52687000 	C:\Users\mfiume\AppData\Roaming\Dropbox\bin\DropboxExt.13.dll
0x6ebf0000 - 0x6ecdb000 	C:\Windows\system32\dbghelp.dll
0x52690000 - 0x526c1000 	C:\Windows\system32\EhStorShell.dll
0x52870000 - 0x52a8f000 	C:\Program Files\Microsoft Office\Office12\GrooveShellExtensions.dll
0x52a90000 - 0x52b82000 	C:\Program Files\Microsoft Office\Office12\GrooveUtil.DLL
0x75b30000 - 0x75bcb000 	C:\Windows\WinSxS\x86_microsoft.vc80.crt_1fc8b3b9a1e18e3b_8.0.50727.4927_none_d08a205e442db5b5\MSVCR80.dll
0x6e370000 - 0x6e377000 	C:\Program Files\Microsoft Office\Office12\GrooveNew.DLL
0x6d7d0000 - 0x6d7eb000 	C:\Windows\WinSxS\x86_microsoft.vc80.atl_1fc8b3b9a1e18e3b_8.0.50727.4053_none_d1c738ec43578ea1\ATL80.DLL
0x73b70000 - 0x73b75000 	C:\Windows\system32\MSImg32.dll
0x6d500000 - 0x6d506000 	C:\Windows\system32\IconCodecService.dll
0x75b20000 - 0x75b2e000 	C:\Windows\system32\RpcRtRemote.dll

VM Arguments:
jvm_args: -Dfile.encoding=UTF-8 -Xms256m -Xmx1g 
java_command: savant.view.swing.Savant
Launcher Type: SUN_STANDARD

Environment Variables:
CLASSPATH=.;C:\Program Files\Java\jre6\lib\ext\QTJava.zip
PATH=C:\Program Files\Common Files\Microsoft Shared\Windows Live;C:\Program Files\MiKTeX 2.9\miktex/bin;C:\Windows\system32;C:\Windows;C:\Windows\System32\Wbem;C:\Windows\System32\WindowsPowerShell\v1.0\;C:\Program Files\ThinkPad\Bluetooth Software\;C:\cygwin\bin;C:\Program Files\TortoiseSVN\bin;C:\Python27\;C:\Program Files\QuickTime\QTSystem\;C:\Program Files\MATLAB\R2010b\runtime\win32;C:\Program Files\MATLAB\R2010b\bin
USERNAME=mfiume
OS=Windows_NT
PROCESSOR_IDENTIFIER=x86 Family 6 Model 23 Stepping 6, GenuineIntel



---------------  S Y S T E M  ---------------

OS: Windows 7 Build 7600 

CPU:total 2 (2 cores per cpu, 1 threads per core) family 6 model 23 stepping 6, cmov, cx8, fxsr, mmx, sse, sse2, sse3, ssse3, sse4.1

Memory: 4k page, physical 3143984k(1014512k free), swap 6286204k(1838824k free)

vm_info: Java HotSpot(TM) Client VM (17.0-b17) for windows-x86 JRE (1.6.0_21-b07), built on Jul 17 2010 01:10:15 by "java_re" with MS VC++ 7.1 (VS2003)

time: Thu Feb 17 13:43:23 2011
elapsed time: 1747 seconds

