#
# A fatal error has been detected by the Java Runtime Environment:
#
#  EXCEPTION_ACCESS_VIOLATION (0xc0000005) at pc=0x6d9ad56c, pid=7400, tid=1696
#
# JRE version: 6.0_21-b07
# Java VM: Java HotSpot(TM) Client VM (17.0-b17 mixed mode windows-x86 )
# Problematic frame:
# V  [jvm.dll+0xfd56c]
#
# If you would like to submit a bug report, please visit:
#   http://java.sun.com/webapps/bugreport/crash.jsp
#

---------------  T H R E A D  ---------------

Current thread (0x4a210c00):  JavaThread "Java2D Disposer" daemon [_thread_in_vm, id=1696, stack(0x4a740000,0x4a790000)]

siginfo: ExceptionCode=0xc0000005, reading address 0x00000000

Registers:
EAX=0x01ac4708, EBX=0x00000000, ECX=0x00000000, EDX=0x4a78fa28
ESP=0x4a78fa18, EBP=0x4a78faf4, ESI=0x4a1061d0, EDI=0x4a210c00
EIP=0x6d9ad56c, EFLAGS=0x00010203

Top of Stack: (sp=0x4a78fa18)
0x4a78fa18:   4a210c00 4a210d18 4a108d0c 6d9a3b3d
0x4a78fa28:   01ac4708 4a78fb68 4a78fa48 4a78fa60
0x4a78fa38:   4a210c00 4a78fb28 6d9ad385 4a78fb68
0x4a78fa48:   01ac4708 4a78fa60 4a210c00 4a40cf68
0x4a78fa58:   4a210c00 4a210d18 011ff436 00000000
0x4a78fa68:   49f82920 00000000 4a210c00 4429b140
0x4a78fa78:   01ac4708 00000000 5338a420 fffffffe
0x4a78fa88:   75e817c4 76540103 00000234 ffffffff 

Instructions: (pc=0x6d9ad56c)
0x6d9ad55c:   01 8b 4d b0 8b 55 a4 8b 45 f4 89 04 8a ff 45 b0
0x6d9ad56c:   8b 03 8b 48 08 0f b7 51 2a 8b 40 0c 8b 4c 90 24 


Stack: [0x4a740000,0x4a790000],  sp=0x4a78fa18,  free space=13e4a78f534k
Native frames: (J=compiled Java code, j=interpreted, Vv=VM code, C=native code)
V  [jvm.dll+0xfd56c]
V  [jvm.dll+0x1003c7]
C  [awt.dll+0x6c71c]
j  java.awt.Cursor.finalizeImpl(J)V+0
j  java.awt.Cursor.access$000(J)V+1
j  java.awt.Cursor$CursorDisposer.dispose()V+13
j  sun.java2d.Disposer.run()V+26
j  java.lang.Thread.run()V+11
v  ~StubRoutines::call_stub
V  [jvm.dll+0xf3abc]
V  [jvm.dll+0x1865b1]
V  [jvm.dll+0xf3c87]
V  [jvm.dll+0xf3cfd]
V  [jvm.dll+0x11dac0]
V  [jvm.dll+0x1e6fb4]
V  [jvm.dll+0x185f5c]
C  [msvcr71.dll+0x9565]
C  [kernel32.dll+0x51194]
C  [ntdll.dll+0x5b429]
C  [ntdll.dll+0x5b3fc]

Java frames: (J=compiled Java code, j=interpreted, Vv=VM code)
j  java.awt.Cursor.finalizeImpl(J)V+0
j  java.awt.Cursor.access$000(J)V+1
j  java.awt.Cursor$CursorDisposer.dispose()V+13
j  sun.java2d.Disposer.run()V+26
j  java.lang.Thread.run()V+11
v  ~StubRoutines::call_stub

---------------  P R O C E S S  ---------------

Java Threads: ( => current thread )
  0x01acbc00 JavaThread "Thread-8" [_thread_blocked, id=8976, stack(0x4d4c0000,0x4d510000)]
  0x4a368400 JavaThread "Thread-7" [_thread_blocked, id=8356, stack(0x4d560000,0x4d5b0000)]
  0x00bd9c00 JavaThread "DestroyJavaVM" [_thread_blocked, id=5560, stack(0x00280000,0x002d0000)]
  0x4a3abc00 JavaThread "TimerQueue" daemon [_thread_blocked, id=5448, stack(0x4af50000,0x4afa0000)]
  0x4a121c00 JavaThread "AWT-EventQueue-0" [_thread_blocked, id=6524, stack(0x4aac0000,0x4ab10000)]
  0x4a104000 JavaThread "AWT-Shutdown" [_thread_blocked, id=2056, stack(0x4a790000,0x4a7e0000)]
=>0x4a210c00 JavaThread "Java2D Disposer" daemon [_thread_in_vm, id=1696, stack(0x4a740000,0x4a790000)]
  0x01acac00 JavaThread "Low Memory Detector" daemon [_thread_blocked, id=8000, stack(0x49e90000,0x49ee0000)]
  0x01ab1400 JavaThread "CompilerThread0" daemon [_thread_blocked, id=9372, stack(0x49e40000,0x49e90000)]
  0x01aaf800 JavaThread "Attach Listener" daemon [_thread_blocked, id=8768, stack(0x49df0000,0x49e40000)]
  0x01aac800 JavaThread "Signal Dispatcher" daemon [_thread_blocked, id=4220, stack(0x49da0000,0x49df0000)]
  0x01a7e800 JavaThread "Finalizer" daemon [_thread_blocked, id=5748, stack(0x49d50000,0x49da0000)]
  0x01a79c00 JavaThread "Reference Handler" daemon [_thread_blocked, id=7024, stack(0x49d00000,0x49d50000)]

Other Threads:
  0x01a77800 VMThread [stack: 0x00390000,0x003e0000] [id=5492]

VM state:synchronizing (normal execution)

VM Mutex/Monitor currently owned by a thread:  ([mutex/lock_event])
[0x00bd7de0] Threads_lock - owner thread: 0x01a77800

Heap
 def new generation   total 78720K, used 5163K [0x03b70000, 0x090d0000, 0x190c0000)
  eden space 70016K,   2% used [0x03b70000, 0x03d468b0, 0x07fd0000)
  from space 8704K,  37% used [0x08850000, 0x08b84708, 0x090d0000)
  to   space 8704K,   0% used [0x07fd0000, 0x07fd0000, 0x08850000)
 tenured generation   total 174784K, used 13482K [0x190c0000, 0x23b70000, 0x43b70000)
   the space 174784K,   7% used [0x190c0000, 0x19deaa00, 0x19deaa00, 0x23b70000)
 compacting perm gen  total 21248K, used 21031K [0x43b70000, 0x45030000, 0x47b70000)
   the space 21248K,  98% used [0x43b70000, 0x44ff9d48, 0x44ff9e00, 0x45030000)
No shared spaces configured.

Dynamic libraries:
0x00400000 - 0x00424000 	C:\Program Files\Java\jdk1.6.0_21\bin\java.exe
0x77aa0000 - 0x77bdd000 	C:\Windows\SYSTEM32\ntdll.dll
0x76500000 - 0x765d4000 	C:\Windows\system32\kernel32.dll
0x75e80000 - 0x75eca000 	C:\Windows\system32\KERNELBASE.dll
0x76110000 - 0x761b0000 	C:\Windows\system32\ADVAPI32.dll
0x77850000 - 0x778fc000 	C:\Windows\system32\msvcrt.dll
0x776b0000 - 0x776c9000 	C:\Windows\SYSTEM32\sechost.dll
0x777a0000 - 0x77841000 	C:\Windows\system32\RPCRT4.dll
0x7c340000 - 0x7c396000 	C:\Program Files\Java\jdk1.6.0_21\jre\bin\msvcr71.dll
0x6d8b0000 - 0x6db57000 	C:\Program Files\Java\jdk1.6.0_21\jre\bin\client\jvm.dll
0x776d0000 - 0x77799000 	C:\Windows\system32\USER32.dll
0x75f40000 - 0x75f8e000 	C:\Windows\system32\GDI32.dll
0x75fa0000 - 0x75faa000 	C:\Windows\system32\LPK.dll
0x76460000 - 0x764fd000 	C:\Windows\system32\USP10.dll
0x73620000 - 0x73652000 	C:\Windows\system32\WINMM.dll
0x75ef0000 - 0x75f0f000 	C:\Windows\system32\IMM32.DLL
0x76240000 - 0x7630c000 	C:\Windows\system32\MSCTF.dll
0x75b30000 - 0x75b7b000 	C:\Windows\system32\apphelp.dll
0x6c1b0000 - 0x6c1b5000 	C:\Windows\system32\avgrsstx.dll
0x6d860000 - 0x6d86c000 	C:\Program Files\Java\jdk1.6.0_21\jre\bin\verify.dll
0x6d3e0000 - 0x6d3ff000 	C:\Program Files\Java\jdk1.6.0_21\jre\bin\java.dll
0x6d340000 - 0x6d348000 	C:\Program Files\Java\jdk1.6.0_21\jre\bin\hpi.dll
0x75f90000 - 0x75f95000 	C:\Windows\system32\PSAPI.DLL
0x6d8a0000 - 0x6d8af000 	C:\Program Files\Java\jdk1.6.0_21\jre\bin\zip.dll
0x6d0b0000 - 0x6d1fa000 	C:\Program Files\Java\jdk1.6.0_21\jre\bin\awt.dll
0x73ad0000 - 0x73b21000 	C:\Windows\system32\WINSPOOL.DRV
0x77350000 - 0x774ac000 	C:\Windows\system32\ole32.dll
0x74b70000 - 0x74d0e000 	C:\Windows\WinSxS\x86_microsoft.windows.common-controls_6595b64144ccf1df_6.0.7600.16661_none_420fe3fa2b8113bd\COMCTL32.dll
0x77c70000 - 0x77cc7000 	C:\Windows\system32\SHLWAPI.dll
0x73d80000 - 0x73d93000 	C:\Windows\system32\DWMAPI.DLL
0x741c0000 - 0x74200000 	C:\Windows\system32\uxtheme.dll
0x62740000 - 0x6274a000 	C:\ProgramData\Real\RealPlayer\BrowserRecordPlugin\Chrome\Hook\rpchromebrowserrecordhelper.dll
0x7c3a0000 - 0x7c41b000 	C:\Windows\system32\MSVCP71.dll
0x766a0000 - 0x772e9000 	C:\Windows\system32\SHELL32.dll
0x75b80000 - 0x75b8c000 	C:\Windows\system32\CRYPTBASE.dll
0x6d2e0000 - 0x6d334000 	C:\Program Files\Java\jdk1.6.0_21\jre\bin\fontmanager.dll
0x755e0000 - 0x755f6000 	C:\Windows\system32\CRYPTSP.dll
0x75390000 - 0x753cb000 	C:\Windows\system32\rsaenh.dll
0x74ab0000 - 0x74ac7000 	C:\Windows\system32\USERENV.dll
0x75bf0000 - 0x75bfb000 	C:\Windows\system32\profapi.dll
0x6d6c0000 - 0x6d6d3000 	C:\Program Files\Java\jdk1.6.0_21\jre\bin\net.dll
0x76660000 - 0x76695000 	C:\Windows\system32\WS2_32.dll
0x76100000 - 0x76106000 	C:\Windows\system32\NSI.dll
0x75570000 - 0x755ac000 	C:\Windows\system32\mswsock.dll
0x75700000 - 0x75706000 	C:\Windows\System32\wship6.dll
0x735e0000 - 0x735f0000 	C:\Windows\system32\NLAapi.dll
0x75440000 - 0x75484000 	C:\Windows\system32\DNSAPI.dll
0x6f520000 - 0x6f528000 	C:\Windows\System32\winrnr.dll
0x6f510000 - 0x6f520000 	C:\Windows\system32\napinsp.dll
0x6f550000 - 0x6f562000 	C:\Windows\system32\pnrpnsp.dll
0x6f3a0000 - 0x6f3ad000 	C:\Windows\system32\wshbth.dll
0x70ae0000 - 0x70b07000 	C:\Program Files\Common Files\Microsoft Shared\Windows Live\WLIDNSP.DLL
0x70aa0000 - 0x70ac5000 	C:\Program Files\Bonjour\mdnsNSP.dll
0x73110000 - 0x7312c000 	C:\Windows\system32\Iphlpapi.DLL
0x73100000 - 0x73107000 	C:\Windows\system32\WINNSI.DLL
0x74960000 - 0x74965000 	C:\Windows\System32\wshtcpip.dll
0x70a90000 - 0x70a96000 	C:\Windows\system32\rasadhlp.dll
0x72d20000 - 0x72d58000 	C:\Windows\System32\fwpuclnt.dll
0x748d0000 - 0x748d9000 	C:\Windows\system32\VERSION.dll
0x77900000 - 0x77a9d000 	C:\Windows\system32\SETUPAPI.dll
0x75c70000 - 0x75c97000 	C:\Windows\system32\CFGMGR32.dll
0x761b0000 - 0x7623f000 	C:\Windows\system32\OLEAUT32.dll
0x75ed0000 - 0x75ee2000 	C:\Windows\system32\DEVOBJ.dll
0x6d6e0000 - 0x6d6e9000 	C:\Program Files\Java\jdk1.6.0_21\jre\bin\nio.dll
0x4ac70000 - 0x4aca8000 	C:\Program Files\ThinkPad\Bluetooth Software\btmmhook.dll
0x77be0000 - 0x77c63000 	C:\Windows\system32\CLBCatQ.DLL
0x74200000 - 0x742f5000 	C:\Windows\system32\propsys.dll
0x748a0000 - 0x748c1000 	C:\Windows\system32\ntmarta.dll
0x760b0000 - 0x760f5000 	C:\Windows\system32\WLDAP32.dll
0x6ca20000 - 0x6cbb8000 	C:\Windows\system32\NetworkExplorer.dll
0x510c0000 - 0x510ee000 	C:\Windows\System32\shdocvw.dll
0x73450000 - 0x7345a000 	C:\Windows\system32\slc.dll
0x73c20000 - 0x73d1b000 	C:\Windows\system32\WindowsCodecs.dll
0x4afa0000 - 0x4afb8000 	C:\Program Files\Common Files\TortoiseOverlays\TortoiseOverlays.dll
0x4b170000 - 0x4b17e000 	C:\Program Files\TortoiseSVN\bin\TortoiseStub.dll
0x51250000 - 0x5131a000 	C:\Program Files\TortoiseSVN\bin\TortoiseSVN.dll
0x6d720000 - 0x6d725000 	C:\Windows\system32\SHFOLDER.dll
0x75fb0000 - 0x760a5000 	C:\Windows\system32\WININET.dll
0x76320000 - 0x76456000 	C:\Windows\system32\urlmon.dll
0x75cd0000 - 0x75dec000 	C:\Windows\system32\CRYPT32.dll
0x75c60000 - 0x75c6c000 	C:\Windows\system32\MSASN1.dll
0x774b0000 - 0x776aa000 	C:\Windows\system32\iertutil.dll
0x6eec0000 - 0x6eee2000 	C:\Program Files\TortoiseSVN\bin\libapr_tsvn.dll
0x513c0000 - 0x51463000 	C:\Windows\WinSxS\x86_microsoft.vc90.crt_1fc8b3b9a1e18e3b_9.0.30729.4974_none_50940634bcb759cb\MSVCR90.dll
0x6ee60000 - 0x6ee8f000 	C:\Program Files\TortoiseSVN\bin\libaprutil_tsvn.dll
0x51340000 - 0x51352000 	C:\Program Files\TortoiseSVN\bin\intl3_tsvn.dll
0x6d5e0000 - 0x6d66e000 	C:\Windows\WinSxS\x86_microsoft.vc90.crt_1fc8b3b9a1e18e3b_9.0.30729.4974_none_50940634bcb759cb\MSVCP90.dll
0x51370000 - 0x51387000 	C:\Users\mfiume\AppData\Roaming\Dropbox\bin\DropboxExt.13.dll
0x6e830000 - 0x6e91b000 	C:\Windows\system32\dbghelp.dll
0x6d5a0000 - 0x6d5d1000 	C:\Windows\system32\EhStorShell.dll
0x517e0000 - 0x519ff000 	C:\Program Files\Microsoft Office\Office12\GrooveShellExtensions.dll
0x51a00000 - 0x51af2000 	C:\Program Files\Microsoft Office\Office12\GrooveUtil.DLL
0x75a90000 - 0x75b2b000 	C:\Windows\WinSxS\x86_microsoft.vc80.crt_1fc8b3b9a1e18e3b_8.0.50727.4927_none_d08a205e442db5b5\MSVCR80.dll
0x6d270000 - 0x6d277000 	C:\Program Files\Microsoft Office\Office12\GrooveNew.DLL
0x6d250000 - 0x6d26b000 	C:\Windows\WinSxS\x86_microsoft.vc80.atl_1fc8b3b9a1e18e3b_8.0.50727.4053_none_d1c738ec43578ea1\ATL80.DLL
0x73580000 - 0x73585000 	C:\Windows\system32\MSImg32.dll
0x6d240000 - 0x6d246000 	C:\Windows\system32\IconCodecService.dll
0x6e180000 - 0x6e192000 	C:\Windows\system32\MPR.dll
0x6e170000 - 0x6e178000 	C:\Windows\System32\drprov.dll
0x74b40000 - 0x74b69000 	C:\Windows\System32\WINSTA.dll
0x6e150000 - 0x6e164000 	C:\Windows\System32\ntlanman.dll
0x6dd70000 - 0x6dd87000 	C:\Windows\System32\davclnt.dll
0x6dd60000 - 0x6dd68000 	C:\Windows\System32\DAVHLPR.dll
0x74990000 - 0x7499f000 	C:\Windows\system32\wkscli.dll
0x6e740000 - 0x6e74b000 	C:\Windows\system32\cscapi.dll
0x74980000 - 0x74989000 	C:\Windows\system32\netutils.dll
0x51c90000 - 0x51d19000 	C:\Windows\system32\PortableDeviceApi.dll
0x75ca0000 - 0x75ccd000 	C:\Windows\system32\WINTRUST.dll
0x72ed0000 - 0x72ef2000 	C:\Windows\system32\EhStorAPI.dll
0x6d080000 - 0x6d089000 	C:\Windows\system32\LINKINFO.dll
0x73d50000 - 0x73d7f000 	C:\Windows\system32\XmlLite.dll
0x75a80000 - 0x75a8e000 	C:\Windows\system32\RpcRtRemote.dll
0x75a40000 - 0x75a48000 	C:\Windows\system32\Secur32.dll
0x75a60000 - 0x75a7a000 	C:\Windows\system32\SSPICLI.DLL
0x73920000 - 0x7392f000 	C:\Windows\system32\samcli.dll
0x745a0000 - 0x745b2000 	C:\Windows\system32\SAMLIB.dll
0x4d5c0000 - 0x4d5e3000 	C:\Program Files\Java\jdk1.6.0_21\jre\bin\dcpr.dll

VM Arguments:
jvm_args: -Dfile.encoding=UTF-8 -Xms256m -Xmx1g 
java_command: savant.view.swing.Savant --developer
Launcher Type: SUN_STANDARD

Environment Variables:
CLASSPATH=C:\Program Files\Novosoft\C2J\Bin\c2jruntime.zip;
PATH=C:\Program Files\Common Files\Microsoft Shared\Windows Live;C:\Program Files\MiKTeX 2.9\miktex/bin;C:\Windows\system32;C:\Windows;C:\Windows\System32\Wbem;C:\Windows\System32\WindowsPowerShell\v1.0\;C:\Program Files\ThinkPad\Bluetooth Software\;C:\cygwin\bin;C:\Program Files\TortoiseSVN\bin;C:\Python27\;C:\Program Files\QuickTime\QTSystem\;C:\Program Files\MATLAB\R2010b\runtime\win32;C:\Program Files\MATLAB\R2010b\bin;C:\Program Files\jEdit;C:\Program Files\Windows Live\Shared;C:\Program Files\Mercurial\;C:\Program Files\Novosoft\C2J\Bin;;;C:\Program Files\Mercurial
USERNAME=mfiume
OS=Windows_NT
PROCESSOR_IDENTIFIER=x86 Family 6 Model 23 Stepping 6, GenuineIntel



---------------  S Y S T E M  ---------------

OS: Windows 7 Build 7600 

CPU:total 2 (2 cores per cpu, 1 threads per core) family 6 model 23 stepping 6, cmov, cx8, fxsr, mmx, sse, sse2, sse3, ssse3, sse4.1

Memory: 4k page, physical 3143984k(879104k free), swap 6302588k(3083072k free)

vm_info: Java HotSpot(TM) Client VM (17.0-b17) for windows-x86 JRE (1.6.0_21-b07), built on Jul 17 2010 01:10:15 by "java_re" with MS VC++ 7.1 (VS2003)

time: Wed Mar 23 12:06:37 2011
elapsed time: 1287 seconds

