#
# A fatal error has been detected by the Java Runtime Environment:
#
#  EXCEPTION_ACCESS_VIOLATION (0xc0000005) at pc=0x6d9ad56c, pid=5680, tid=1036
#
# JRE version: 6.0_21-b07
# Java VM: Java HotSpot(TM) Client VM (17.0-b17 mixed mode windows-x86 )
# Problematic frame:
# V  [jvm.dll+0xfd56c]
#
# If you would like to submit a bug report, please visit:
#   http://java.sun.com/webapps/bugreport/crash.jsp
#

---------------  T H R E A D  ---------------

Current thread (0x4a0cec00):  JavaThread "Java2D Disposer" daemon [_thread_in_vm, id=1036, stack(0x4a0f0000,0x4a140000)]

siginfo: ExceptionCode=0xc0000005, reading address 0x00000000

Registers:
EAX=0x01aa47a8, EBX=0x00000000, ECX=0x00000000, EDX=0x4a13fa28
ESP=0x4a13fa18, EBP=0x4a13faf4, ESI=0x4a0cbce0, EDI=0x4a0cec00
EIP=0x6d9ad56c, EFLAGS=0x00010203

Top of Stack: (sp=0x4a13fa18)
0x4a13fa18:   4a0cec00 4a0ced18 4a0e133c 6d9a3b3d
0x4a13fa28:   01aa47a8 4a13fb68 4a13fa48 4a13fa60
0x4a13fa38:   4a0cec00 4a13fb28 6d9ad385 4a13fb68
0x4a13fa48:   01aa47a8 4a13fa60 4a0cec00 4b2d1fb8
0x4a13fa58:   4a0cec00 4a0ced18 011ff436 00000000
0x4a13fa68:   4b1149a8 00000000 4a0cec00 44212670
0x4a13fa78:   01aa47a8 00000000 4a13fa70 00000000
0x4a13fa88:   4a13fdac 6dab0180 6daea880 ffffffff 

Instructions: (pc=0x6d9ad56c)
0x6d9ad55c:   01 8b 4d b0 8b 55 a4 8b 45 f4 89 04 8a ff 45 b0
0x6d9ad56c:   8b 03 8b 48 08 0f b7 51 2a 8b 40 0c 8b 4c 90 24 


Stack: [0x4a0f0000,0x4a140000],  sp=0x4a13fa18,  free space=13e4a13f534k
Native frames: (J=compiled Java code, j=interpreted, Vv=VM code, C=native code)
V  [jvm.dll+0xfd56c]
V  [jvm.dll+0x1003c7]
C  [awt.dll+0x6c71c]
j  java.awt.Cursor.finalizeImpl(J)V+0
j  java.awt.Cursor.access$000(J)V+1
j  java.awt.Cursor$CursorDisposer.dispose()V+13
j  sun.java2d.Disposer.run()V+26
j  java.lang.Thread.run()V+11
v  ~StubRoutines::call_stub
V  [jvm.dll+0xf3abc]
V  [jvm.dll+0x1865b1]
V  [jvm.dll+0xf3c87]
V  [jvm.dll+0xf3cfd]
V  [jvm.dll+0x11dac0]
V  [jvm.dll+0x1e6fb4]
V  [jvm.dll+0x185f5c]
C  [msvcr71.dll+0x9565]
C  [kernel32.dll+0x51194]
C  [ntdll.dll+0x5b495]
C  [ntdll.dll+0x5b468]

Java frames: (J=compiled Java code, j=interpreted, Vv=VM code)
j  java.awt.Cursor.finalizeImpl(J)V+0
j  java.awt.Cursor.access$000(J)V+1
j  java.awt.Cursor$CursorDisposer.dispose()V+13
j  sun.java2d.Disposer.run()V+26
j  java.lang.Thread.run()V+11
v  ~StubRoutines::call_stub

---------------  P R O C E S S  ---------------

Java Threads: ( => current thread )
  0x4b35b000 JavaThread "AWT-EventQueue-0" [_thread_blocked, id=5596, stack(0x4b8d0000,0x4b920000)]
  0x4a0d6800 JavaThread "Thread-11" [_thread_blocked, id=5632, stack(0x4fee0000,0x4ff30000)]
  0x4b46f000 JavaThread "Thread-10" [_thread_blocked, id=4232, stack(0x4e600000,0x4e650000)]
  0x4b2b3c00 JavaThread "Thread-9" [_thread_blocked, id=1592, stack(0x4e560000,0x4e5b0000)]
  0x00189c00 JavaThread "DestroyJavaVM" [_thread_blocked, id=4588, stack(0x00290000,0x002e0000)]
  0x4b36ac00 JavaThread "TimerQueue" daemon [_thread_blocked, id=1380, stack(0x4e510000,0x4e560000)]
  0x4a0cf000 JavaThread "AWT-Shutdown" [_thread_blocked, id=5152, stack(0x4a140000,0x4a190000)]
=>0x4a0cec00 JavaThread "Java2D Disposer" daemon [_thread_in_vm, id=1036, stack(0x4a0f0000,0x4a140000)]
  0x01abb000 JavaThread "Low Memory Detector" daemon [_thread_blocked, id=4460, stack(0x49e50000,0x49ea0000)]
  0x01aa0800 JavaThread "CompilerThread0" daemon [_thread_blocked, id=4072, stack(0x49e00000,0x49e50000)]
  0x01a9f800 JavaThread "Attach Listener" daemon [_thread_blocked, id=4156, stack(0x49db0000,0x49e00000)]
  0x01a9c800 JavaThread "Signal Dispatcher" daemon [_thread_blocked, id=5756, stack(0x49d60000,0x49db0000)]
  0x01a6e800 JavaThread "Finalizer" daemon [_thread_blocked, id=5924, stack(0x49d10000,0x49d60000)]
  0x01a69c00 JavaThread "Reference Handler" daemon [_thread_blocked, id=2320, stack(0x49cc0000,0x49d10000)]

Other Threads:
  0x01a67800 VMThread [stack: 0x49c70000,0x49cc0000] [id=5536]

VM state:synchronizing (normal execution)

VM Mutex/Monitor currently owned by a thread:  ([mutex/lock_event])
[0x00187cb0] Threads_lock - owner thread: 0x01a67800

Heap
 def new generation   total 78720K, used 5977K [0x03ae0000, 0x09040000, 0x19030000)
  eden space 70016K,   3% used [0x03ae0000, 0x03d46d40, 0x07f40000)
  from space 8704K,  40% used [0x087c0000, 0x08b2fa78, 0x09040000)
  to   space 8704K,   0% used [0x07f40000, 0x07f40000, 0x087c0000)
 tenured generation   total 174784K, used 13853K [0x19030000, 0x23ae0000, 0x43ae0000)
   the space 174784K,   7% used [0x19030000, 0x19db77b8, 0x19db7800, 0x23ae0000)
 compacting perm gen  total 21504K, used 21282K [0x43ae0000, 0x44fe0000, 0x47ae0000)
   the space 21504K,  98% used [0x43ae0000, 0x44fa88d0, 0x44fa8a00, 0x44fe0000)
No shared spaces configured.

Dynamic libraries:
0x00400000 - 0x00424000 	C:\Program Files\Java\jdk1.6.0_21\bin\java.exe
0x772a0000 - 0x773dc000 	C:\Windows\SYSTEM32\ntdll.dll
0x771c0000 - 0x77294000 	C:\Windows\system32\kernel32.dll
0x75680000 - 0x756ca000 	C:\Windows\system32\KERNELBASE.dll
0x76860000 - 0x76900000 	C:\Windows\system32\ADVAPI32.dll
0x757d0000 - 0x7587c000 	C:\Windows\system32\msvcrt.dll
0x756f0000 - 0x75709000 	C:\Windows\SYSTEM32\sechost.dll
0x76a40000 - 0x76ae1000 	C:\Windows\system32\RPCRT4.dll
0x7c340000 - 0x7c396000 	C:\Program Files\Java\jdk1.6.0_21\jre\bin\msvcr71.dll
0x6d8b0000 - 0x6db57000 	C:\Program Files\Java\jdk1.6.0_21\jre\bin\client\jvm.dll
0x76d60000 - 0x76e29000 	C:\Windows\system32\USER32.dll
0x76d10000 - 0x76d5e000 	C:\Windows\system32\GDI32.dll
0x75710000 - 0x7571a000 	C:\Windows\system32\LPK.dll
0x76730000 - 0x767cd000 	C:\Windows\system32\USP10.dll
0x73610000 - 0x73642000 	C:\Windows\system32\WINMM.dll
0x76cf0000 - 0x76d0f000 	C:\Windows\system32\IMM32.DLL
0x75880000 - 0x7594c000 	C:\Windows\system32\MSCTF.dll
0x75330000 - 0x7537b000 	C:\Windows\system32\apphelp.dll
0x6c1b0000 - 0x6c1b5000 	C:\Windows\system32\avgrsstx.dll
0x6d860000 - 0x6d86c000 	C:\Program Files\Java\jdk1.6.0_21\jre\bin\verify.dll
0x6d3e0000 - 0x6d3ff000 	C:\Program Files\Java\jdk1.6.0_21\jre\bin\java.dll
0x6d340000 - 0x6d348000 	C:\Program Files\Java\jdk1.6.0_21\jre\bin\hpi.dll
0x773e0000 - 0x773e5000 	C:\Windows\system32\PSAPI.DLL
0x6d8a0000 - 0x6d8af000 	C:\Program Files\Java\jdk1.6.0_21\jre\bin\zip.dll
0x6d0b0000 - 0x6d1fa000 	C:\Program Files\Java\jdk1.6.0_21\jre\bin\awt.dll
0x73a40000 - 0x73a91000 	C:\Windows\system32\WINSPOOL.DRV
0x76e60000 - 0x76fbc000 	C:\Windows\system32\ole32.dll
0x74240000 - 0x743de000 	C:\Windows\WinSxS\x86_microsoft.windows.common-controls_6595b64144ccf1df_6.0.7600.16661_none_420fe3fa2b8113bd\COMCTL32.dll
0x77160000 - 0x771b7000 	C:\Windows\system32\SHLWAPI.dll
0x74100000 - 0x74113000 	C:\Windows\system32\DWMAPI.DLL
0x740b0000 - 0x740f0000 	C:\Windows\system32\uxtheme.dll
0x62740000 - 0x6274a000 	C:\ProgramData\Real\RealPlayer\BrowserRecordPlugin\Chrome\Hook\rpchromebrowserrecordhelper.dll
0x7c3a0000 - 0x7c41b000 	C:\Windows\system32\MSVCP71.dll
0x75a60000 - 0x766a9000 	C:\Windows\system32\SHELL32.dll
0x75380000 - 0x7538c000 	C:\Windows\system32\CRYPTBASE.dll
0x6d2e0000 - 0x6d334000 	C:\Program Files\Java\jdk1.6.0_21\jre\bin\fontmanager.dll
0x74e00000 - 0x74e16000 	C:\Windows\system32\CRYPTSP.dll
0x74ba0000 - 0x74bdb000 	C:\Windows\system32\rsaenh.dll
0x74970000 - 0x74987000 	C:\Windows\system32\USERENV.dll
0x753f0000 - 0x753fb000 	C:\Windows\system32\profapi.dll
0x6d6c0000 - 0x6d6d3000 	C:\Program Files\Java\jdk1.6.0_21\jre\bin\net.dll
0x77490000 - 0x774c5000 	C:\Windows\system32\WS2_32.dll
0x75950000 - 0x75956000 	C:\Windows\system32\NSI.dll
0x74dc0000 - 0x74dfc000 	C:\Windows\system32\mswsock.dll
0x74db0000 - 0x74db6000 	C:\Windows\System32\wship6.dll
0x73530000 - 0x73540000 	C:\Windows\system32\NLAapi.dll
0x74c80000 - 0x74cc4000 	C:\Windows\system32\DNSAPI.dll
0x6f9e0000 - 0x6f9e8000 	C:\Windows\System32\winrnr.dll
0x6f9a0000 - 0x6f9b0000 	C:\Windows\system32\napinsp.dll
0x6f980000 - 0x6f992000 	C:\Windows\system32\pnrpnsp.dll
0x6f970000 - 0x6f97d000 	C:\Windows\system32\wshbth.dll
0x6f940000 - 0x6f965000 	C:\Program Files\Bonjour\mdnsNSP.dll
0x72e50000 - 0x72e6c000 	C:\Windows\system32\Iphlpapi.DLL
0x72e40000 - 0x72e47000 	C:\Windows\system32\WINNSI.DLL
0x6f890000 - 0x6f8b7000 	C:\Program Files\Common Files\Microsoft Shared\Windows Live\WLIDNSP.DLL
0x748a0000 - 0x748a5000 	C:\Windows\System32\wshtcpip.dll
0x6ee00000 - 0x6ee06000 	C:\Windows\system32\rasadhlp.dll
0x71900000 - 0x71938000 	C:\Windows\System32\fwpuclnt.dll
0x767d0000 - 0x7685f000 	C:\Windows\system32\OLEAUT32.dll
0x6d6e0000 - 0x6d6e9000 	C:\Program Files\Java\jdk1.6.0_21\jre\bin\nio.dll
0x4ba70000 - 0x4baa8000 	C:\Program Files\ThinkPad\Bluetooth Software\btmmhook.dll
0x77400000 - 0x77483000 	C:\Windows\system32\CLBCatQ.DLL
0x6d250000 - 0x6d273000 	C:\Program Files\Java\jdk1.6.0_21\jre\bin\dcpr.dll
0x507e0000 - 0x507f2000 	C:\Program Files\Lenovo\HOTKEY\hkvolkey.DLL
0x75280000 - 0x7528e000 	C:\Windows\system32\RpcRtRemote.dll

VM Arguments:
jvm_args: -Dfile.encoding=UTF-8 -Xms256m -Xmx1g 
java_command: savant.view.swing.Savant
Launcher Type: SUN_STANDARD

Environment Variables:
CLASSPATH=.;C:\Program Files\Java\jre6\lib\ext\QTJava.zip
PATH=C:\Program Files\Common Files\Microsoft Shared\Windows Live;C:\Program Files\MiKTeX 2.9\miktex/bin;C:\Windows\system32;C:\Windows;C:\Windows\System32\Wbem;C:\Windows\System32\WindowsPowerShell\v1.0\;C:\Program Files\ThinkPad\Bluetooth Software\;C:\cygwin\bin;C:\Program Files\TortoiseSVN\bin;C:\Python27\;C:\Program Files\QuickTime\QTSystem\;C:\Program Files\MATLAB\R2010b\runtime\win32;C:\Program Files\MATLAB\R2010b\bin
USERNAME=mfiume
OS=Windows_NT
PROCESSOR_IDENTIFIER=x86 Family 6 Model 23 Stepping 6, GenuineIntel



---------------  S Y S T E M  ---------------

OS: Windows 7 Build 7600 

CPU:total 2 (2 cores per cpu, 1 threads per core) family 6 model 23 stepping 6, cmov, cx8, fxsr, mmx, sse, sse2, sse3, ssse3, sse4.1

Memory: 4k page, physical 3143984k(1276252k free), swap 6286204k(3319052k free)

vm_info: Java HotSpot(TM) Client VM (17.0-b17) for windows-x86 JRE (1.6.0_21-b07), built on Jul 17 2010 01:10:15 by "java_re" with MS VC++ 7.1 (VS2003)

time: Tue Feb 08 16:35:43 2011
elapsed time: 176 seconds

