#
# A fatal error has been detected by the Java Runtime Environment:
#
#  EXCEPTION_ACCESS_VIOLATION (0xc0000005) at pc=0x6d9a5dcc, pid=6868, tid=3368
#
# JRE version: 6.0_17-b04
# Java VM: Java HotSpot(TM) Client VM (14.3-b01 mixed mode, sharing windows-x86 )
# Problematic frame:
# V  [jvm.dll+0xf5dcc]
#
# If you would like to submit a bug report, please visit:
#   http://java.sun.com/webapps/bugreport/crash.jsp
#

---------------  T H R E A D  ---------------

Current thread (0x02f42800):  JavaThread "Java2D Disposer" daemon [_thread_in_vm, id=3368, stack(0x02e70000,0x02ec0000)]

siginfo: ExceptionCode=0xc0000005, reading address 0x00000000

Registers:
EAX=0x02f42b20, EBX=0x00000000, ECX=0x00000000, EDX=0x02ebf858
ESP=0x02ebf848, EBP=0x02ebf924, ESI=0x02f3db08, EDI=0x02f42800
EIP=0x6d9a5dcc, EFLAGS=0x00010203

Top of Stack: (sp=0x02ebf848)
0x02ebf848:   02f42800 02f42910 02f9e140 00000001
0x02ebf858:   02f42b20 6da9dff0 6dacfda0 ffffffff
0x02ebf868:   02ebf884 6d99d01d 6d99ce40 02ebf9b0
0x02ebf878:   02ebf890 02ebf8a8 02f42800 02ebf970
0x02ebf888:   6d9a5be5 02ebf9b0 02f42b20 02ebf8a8
0x02ebf898:   02f42800 02fbc0b8 02f42800 02f42910
0x02ebf8a8:   02f42b20 00000000 02b49420 02f42800
0x02ebf8b8:   2aae26f8 02f40120 00000000 2b1a4190 

Instructions: (pc=0x6d9a5dcc)
0x6d9a5dbc:   01 8b 4d b0 8b 55 a4 8b 45 f4 89 04 8a ff 45 b0
0x6d9a5dcc:   8b 03 8b 48 08 0f b7 51 26 8b 40 0c 8b 4c 90 20 


Stack: [0x02e70000,0x02ec0000],  sp=0x02ebf848,  free space=318k
Native frames: (J=compiled Java code, j=interpreted, Vv=VM code, C=native code)
V  [jvm.dll+0xf5dcc]
V  [jvm.dll+0xf8c27]
C  [awt.dll+0x6c54c]
j  java.awt.Cursor.finalizeImpl(J)V+0
j  java.awt.Cursor.access$000(J)V+1
j  java.awt.Cursor$CursorDisposer.dispose()V+13
j  sun.java2d.Disposer.run()V+26
j  java.lang.Thread.run()V+11
v  ~StubRoutines::call_stub
V  [jvm.dll+0xecf9c]
V  [jvm.dll+0x1741d1]
V  [jvm.dll+0xed167]
V  [jvm.dll+0xed1dd]
V  [jvm.dll+0x116290]
V  [jvm.dll+0x1d0414]
V  [jvm.dll+0x173e4c]
C  [msvcr71.dll+0x9565]
C  [kernel32.dll+0xb729]

Java frames: (J=compiled Java code, j=interpreted, Vv=VM code)
j  java.awt.Cursor.finalizeImpl(J)V+0
j  java.awt.Cursor.access$000(J)V+1
j  java.awt.Cursor$CursorDisposer.dispose()V+13
j  sun.java2d.Disposer.run()V+26
j  java.lang.Thread.run()V+11
v  ~StubRoutines::call_stub

---------------  P R O C E S S  ---------------

Java Threads: ( => current thread )
  0x03000c00 JavaThread "TimerQueue" daemon [_thread_blocked, id=7732, stack(0x03860000,0x038b0000)]
  0x002b7800 JavaThread "DestroyJavaVM" [_thread_blocked, id=7012, stack(0x00840000,0x00890000)]
  0x02f4e800 JavaThread "AWT-EventQueue-0" [_thread_blocked, id=7228, stack(0x031a0000,0x031f0000)]
  0x02f43800 JavaThread "AWT-Shutdown" [_thread_blocked, id=708, stack(0x030c0000,0x03110000)]
=>0x02f42800 JavaThread "Java2D Disposer" daemon [_thread_in_vm, id=3368, stack(0x02e70000,0x02ec0000)]
  0x02aba800 JavaThread "Low Memory Detector" daemon [_thread_blocked, id=1600, stack(0x02d30000,0x02d80000)]
  0x02ab6c00 JavaThread "CompilerThread0" daemon [_thread_blocked, id=6140, stack(0x02ce0000,0x02d30000)]
  0x02ab2c00 JavaThread "Attach Listener" daemon [_thread_blocked, id=5380, stack(0x02c90000,0x02ce0000)]
  0x02ab1800 JavaThread "Signal Dispatcher" daemon [_thread_blocked, id=4168, stack(0x02c40000,0x02c90000)]
  0x02a72400 JavaThread "Finalizer" daemon [_thread_blocked, id=5904, stack(0x02bf0000,0x02c40000)]
  0x02a6d800 JavaThread "Reference Handler" daemon [_thread_blocked, id=7492, stack(0x02ba0000,0x02bf0000)]

Other Threads:
  0x02a6c000 VMThread [stack: 0x02b50000,0x02ba0000] [id=4216]
  0x02abc800 WatcherThread [stack: 0x02d80000,0x02dd0000] [id=3864]

VM state:not at safepoint (normal execution)

VM Mutex/Monitor currently owned by a thread: None

Heap
 def new generation   total 960K, used 28K [0x22990000, 0x22a90000, 0x22e70000)
  eden space 896K,   2% used [0x22990000, 0x22994ca0, 0x22a70000)
  from space 64K,  13% used [0x22a80000, 0x22a82388, 0x22a90000)
  to   space 64K,   0% used [0x22a70000, 0x22a70000, 0x22a80000)
 tenured generation   total 4096K, used 4042K [0x22e70000, 0x23270000, 0x26990000)
   the space 4096K,  98% used [0x22e70000, 0x23262930, 0x23262a00, 0x23270000)
 compacting perm gen  total 12288K, used 6088K [0x26990000, 0x27590000, 0x2a990000)
   the space 12288K,  49% used [0x26990000, 0x26f822f0, 0x26f82400, 0x27590000)
    ro space 8192K,  67% used [0x2a990000, 0x2aef8230, 0x2aef8400, 0x2b190000)
    rw space 12288K,  54% used [0x2b190000, 0x2b80d678, 0x2b80d800, 0x2bd90000)

Dynamic libraries:
0x00400000 - 0x00424000 	C:\Program Files\Java\jdk1.6.0_17\bin\java.exe
0x7c900000 - 0x7c9b2000 	C:\WINDOWS\system32\ntdll.dll
0x7c800000 - 0x7c8f6000 	C:\WINDOWS\system32\kernel32.dll
0x77dd0000 - 0x77e6b000 	C:\WINDOWS\system32\ADVAPI32.dll
0x77e70000 - 0x77f02000 	C:\WINDOWS\system32\RPCRT4.dll
0x77fe0000 - 0x77ff1000 	C:\WINDOWS\system32\Secur32.dll
0x7c340000 - 0x7c396000 	C:\Program Files\Java\jdk1.6.0_17\jre\bin\msvcr71.dll
0x6d8b0000 - 0x6db3b000 	C:\Program Files\Java\jdk1.6.0_17\jre\bin\client\jvm.dll
0x7e410000 - 0x7e4a1000 	C:\WINDOWS\system32\USER32.dll
0x77f10000 - 0x77f59000 	C:\WINDOWS\system32\GDI32.dll
0x76b40000 - 0x76b6d000 	C:\WINDOWS\system32\WINMM.dll
0x76390000 - 0x763ad000 	C:\WINDOWS\system32\IMM32.DLL
0x6d860000 - 0x6d86c000 	C:\Program Files\Java\jdk1.6.0_17\jre\bin\verify.dll
0x6d3e0000 - 0x6d3ff000 	C:\Program Files\Java\jdk1.6.0_17\jre\bin\java.dll
0x6d340000 - 0x6d348000 	C:\Program Files\Java\jdk1.6.0_17\jre\bin\hpi.dll
0x76bf0000 - 0x76bfb000 	C:\WINDOWS\system32\PSAPI.DLL
0x6d8a0000 - 0x6d8af000 	C:\Program Files\Java\jdk1.6.0_17\jre\bin\zip.dll
0x6d0b0000 - 0x6d1fa000 	C:\Program Files\Java\jdk1.6.0_17\jre\bin\awt.dll
0x73000000 - 0x73026000 	C:\WINDOWS\system32\WINSPOOL.DRV
0x77c10000 - 0x77c68000 	C:\WINDOWS\system32\msvcrt.dll
0x774e0000 - 0x7761d000 	C:\WINDOWS\system32\ole32.dll
0x773d0000 - 0x774d3000 	C:\WINDOWS\WinSxS\x86_Microsoft.Windows.Common-Controls_6595b64144ccf1df_6.0.2600.5512_x-ww_35d4ce83\comctl32.dll
0x77f60000 - 0x77fd6000 	C:\WINDOWS\system32\SHLWAPI.dll
0x5ad70000 - 0x5ada8000 	C:\WINDOWS\system32\uxtheme.dll
0x74720000 - 0x7476c000 	C:\WINDOWS\system32\MSCTF.dll
0x755c0000 - 0x755ee000 	C:\WINDOWS\system32\msctfime.ime
0x7c9c0000 - 0x7d1d7000 	C:\WINDOWS\system32\shell32.dll
0x6d2e0000 - 0x6d334000 	C:\Program Files\Java\jdk1.6.0_17\jre\bin\fontmanager.dll
0x68000000 - 0x68036000 	C:\WINDOWS\system32\rsaenh.dll
0x769c0000 - 0x76a74000 	C:\WINDOWS\system32\USERENV.dll
0x5b860000 - 0x5b8b5000 	C:\WINDOWS\system32\netapi32.dll
0x6d6c0000 - 0x6d6d3000 	C:\Program Files\Java\jdk1.6.0_17\jre\bin\net.dll
0x71ab0000 - 0x71ac7000 	C:\WINDOWS\system32\WS2_32.dll
0x71aa0000 - 0x71aa8000 	C:\WINDOWS\system32\WS2HELP.dll
0x71a50000 - 0x71a8f000 	C:\WINDOWS\System32\mswsock.dll
0x76f20000 - 0x76f47000 	C:\WINDOWS\system32\DNSAPI.dll
0x76fb0000 - 0x76fb8000 	C:\WINDOWS\System32\winrnr.dll
0x76f60000 - 0x76f8c000 	C:\WINDOWS\system32\WLDAP32.dll
0x64000000 - 0x64025000 	C:\Program Files\Bonjour\mdnsNSP.dll
0x76d60000 - 0x76d79000 	C:\WINDOWS\system32\Iphlpapi.dll
0x76fc0000 - 0x76fc6000 	C:\WINDOWS\system32\rasadhlp.dll
0x77c00000 - 0x77c08000 	C:\WINDOWS\system32\VERSION.dll
0x6d6e0000 - 0x6d6e9000 	C:\Program Files\Java\jdk1.6.0_17\jre\bin\nio.dll
0x10000000 - 0x10015000 	C:\WINDOWS\system32\btmmhook.dll
0x77120000 - 0x771ab000 	C:\WINDOWS\system32\OLEAUT32.DLL
0x77920000 - 0x77a13000 	C:\WINDOWS\system32\SETUPAPI.dll
0x77b40000 - 0x77b62000 	C:\WINDOWS\system32\appHelp.dll
0x76fd0000 - 0x7704f000 	C:\WINDOWS\system32\CLBCATQ.DLL
0x77050000 - 0x77115000 	C:\WINDOWS\system32\COMRes.dll
0x05960000 - 0x05978000 	C:\Program Files\Common Files\TortoiseOverlays\TortoiseOverlays.dll
0x05940000 - 0x0594e000 	C:\Program Files\TortoiseSVN\bin\TortoiseStub.dll
0x03f80000 - 0x0404a000 	C:\Program Files\TortoiseSVN\bin\TortoiseSVN.dll
0x76780000 - 0x76789000 	C:\WINDOWS\system32\SHFOLDER.dll
0x3d930000 - 0x3da16000 	C:\WINDOWS\system32\WININET.dll
0x04060000 - 0x04069000 	C:\WINDOWS\system32\Normaliz.dll
0x78130000 - 0x78263000 	C:\WINDOWS\system32\urlmon.dll
0x3dfd0000 - 0x3e1b8000 	C:\WINDOWS\system32\iertutil.dll
0x6eec0000 - 0x6eee2000 	C:\Program Files\TortoiseSVN\bin\libapr_tsvn.dll
0x78520000 - 0x785c3000 	C:\WINDOWS\WinSxS\x86_Microsoft.VC90.CRT_1fc8b3b9a1e18e3b_9.0.30729.4148_x-ww_d495ac4e\MSVCR90.dll
0x6ee60000 - 0x6ee8f000 	C:\Program Files\TortoiseSVN\bin\libaprutil_tsvn.dll
0x04090000 - 0x040a2000 	C:\Program Files\TortoiseSVN\bin\intl3_tsvn.dll
0x78480000 - 0x7850e000 	C:\WINDOWS\WinSxS\x86_Microsoft.VC90.CRT_1fc8b3b9a1e18e3b_9.0.30729.4148_x-ww_d495ac4e\MSVCP90.dll
0x77a80000 - 0x77b15000 	C:\WINDOWS\system32\CRYPT32.dll
0x77b20000 - 0x77b32000 	C:\WINDOWS\system32\MSASN1.dll
0x04340000 - 0x04357000 	C:\Documents and Settings\mfiume\Application Data\Dropbox\bin\DropboxExt.13.dll
0x59a60000 - 0x59b01000 	C:\WINDOWS\system32\dbghelp.dll
0x7c3a0000 - 0x7c41b000 	C:\Documents and Settings\mfiume\Application Data\Dropbox\bin\MSVCP71.dll
0x661d0000 - 0x663ef000 	C:\Program Files\Microsoft Office\Office12\GrooveShellExtensions.dll
0x68ef0000 - 0x68fe2000 	C:\Program Files\Microsoft Office\Office12\GrooveUtil.DLL
0x04480000 - 0x0451b000 	C:\WINDOWS\WinSxS\x86_Microsoft.VC80.CRT_1fc8b3b9a1e18e3b_8.0.50727.4053_x-ww_e6967989\MSVCR80.dll
0x68ff0000 - 0x68ff7000 	C:\Program Files\Microsoft Office\Office12\GrooveNew.DLL
0x7c630000 - 0x7c64b000 	C:\WINDOWS\WinSxS\x86_Microsoft.VC80.ATL_1fc8b3b9a1e18e3b_8.0.50727.4053_x-ww_473666fd\ATL80.DLL
0x76380000 - 0x76385000 	C:\WINDOWS\system32\MSImg32.dll
0x04570000 - 0x04835000 	C:\WINDOWS\system32\xpsp2res.dll
0x04840000 - 0x0489b000 	C:\Program Files\Common Files\Adobe\Acrobat\ActiveX\PDFShell.dll
0x71b20000 - 0x71b32000 	C:\WINDOWS\system32\MPR.dll
0x75f60000 - 0x75f67000 	C:\WINDOWS\System32\drprov.dll
0x71c10000 - 0x71c1e000 	C:\WINDOWS\System32\ntlanman.dll
0x71cd0000 - 0x71ce7000 	C:\WINDOWS\System32\NETUI0.dll
0x71c90000 - 0x71cd0000 	C:\WINDOWS\System32\NETUI1.dll
0x71c80000 - 0x71c87000 	C:\WINDOWS\System32\NETRAP.dll
0x71bf0000 - 0x71c03000 	C:\WINDOWS\System32\SAMLIB.dll
0x75f70000 - 0x75f7a000 	C:\WINDOWS\System32\davclnt.dll
0x76c30000 - 0x76c5e000 	C:\WINDOWS\system32\WINTRUST.dll
0x76c90000 - 0x76cb8000 	C:\WINDOWS\system32\IMAGEHLP.dll
0x75970000 - 0x75a68000 	C:\WINDOWS\system32\MSGINA.dll
0x74320000 - 0x7435d000 	C:\WINDOWS\system32\ODBC32.dll
0x763b0000 - 0x763f9000 	C:\WINDOWS\system32\comdlg32.dll
0x76360000 - 0x76370000 	C:\WINDOWS\system32\WINSTA.dll
0x04bf0000 - 0x04c07000 	C:\WINDOWS\system32\odbcint.dll
0x76980000 - 0x76988000 	C:\WINDOWS\system32\LINKINFO.dll
0x76990000 - 0x769b5000 	C:\WINDOWS\system32\ntshrui.dll
0x76b20000 - 0x76b31000 	C:\WINDOWS\system32\ATL.DLL

VM Arguments:
jvm_args: -Dfile.encoding=UTF-8 
java_command: savant.view.swing.Savant
Launcher Type: SUN_STANDARD

Environment Variables:
CLASSPATH=.;C:\Program Files\Java\libs\mysql-connector-java-5.1.10-bin.jar;C:\Program Files\Java\jre6\lib\ext\QTJava.zip
PATH=C:\Program Files\PHP\;C:\Program Files\MiKTeX 2.8\miktex\bin;C:\WINDOWS\system32;C:\WINDOWS;C:\WINDOWS\System32\Wbem;C:\Program Files\Diskeeper Corporation\Diskeeper\;C:\Program Files\ThinkPad\ConnectUtilities;C:\Program Files\Common Files\Lenovo;C:\Program Files\Lenovo\Client Security Solution;c:\Program Files\Microsoft SQL Server\90\Tools\binn\;C:\Program Files\MATLAB\R2009a\bin;C:\Program Files\MATLAB\R2009a\bin\win32;C:\Program Files\Common Files\Roxio Shared\DLLShared\;C:\Program Files\Common Files\Roxio Shared\9.0\DLLShared\;C:\Program Files\Common Files\DivX Shared\;C:\Program Files\QuickTime\QTSystem\;C:\Program Files\TortoiseSVN\bin;C:\Program Files\Common Files\Nero\Lib\
USERNAME=mfiume
OS=Windows_NT
PROCESSOR_IDENTIFIER=x86 Family 6 Model 23 Stepping 6, GenuineIntel



---------------  S Y S T E M  ---------------

OS: Windows XP Build 2600 Service Pack 3

CPU:total 2 (2 cores per cpu, 1 threads per core) family 6 model 23 stepping 6, cmov, cx8, fxsr, mmx, sse, sse2, sse3, ssse3, sse4.1

Memory: 4k page, physical 2097151k(1670212k free), swap 4194303k(4194303k free)

vm_info: Java HotSpot(TM) Client VM (14.3-b01) for windows-x86 JRE (1.6.0_17-b04), built on Oct 11 2009 00:52:06 by "java_re" with MS VC++ 7.1

time: Mon Jun 07 23:13:23 2010
elapsed time: 40 seconds

