\BOOKMARK [0][-]{chapter.1}{Introduction}{}% 1
\BOOKMARK [0][-]{chapter.2}{Tutorial: Developing a Savant Plugin}{}% 2
\BOOKMARK [1][-]{section.2.1}{The Amino Plugin}{chapter.2}% 3
\BOOKMARK [1][-]{section.2.2}{Prerequisites}{chapter.2}% 4
\BOOKMARK [1][-]{section.2.3}{Setting Up the NetBeans Project}{chapter.2}% 5
\BOOKMARK [1][-]{section.2.4}{Editing the Demo Project}{chapter.2}% 6
\BOOKMARK [1][-]{section.2.5}{Code Away!}{chapter.2}% 7
\BOOKMARK [1][-]{section.2.6}{Submit Your Plugin}{chapter.2}% 8
\BOOKMARK [0][-]{chapter.3}{Plugin Development Tips and Tricks}{}% 9
\BOOKMARK [1][-]{section.3.1}{Building and Testing Plugins}{chapter.3}% 10
\BOOKMARK [1][-]{section.3.2}{Including Other Libraries}{chapter.3}% 11
\BOOKMARK [0][-]{chapter.4}{Sample GUI Plugin: savant.amino}{}% 12
\BOOKMARK [1][-]{section.4.1}{AminoPlugin.java}{chapter.4}% 13
\BOOKMARK [2][-]{subsection.4.1.1}{AminoPlugin.init\(\)}{section.4.1}% 14
\BOOKMARK [2][-]{subsection.4.1.2}{AminoPlugin.getTitle\(\)}{section.4.1}% 15
\BOOKMARK [2][-]{subsection.4.1.3}{AminoPlugin.getAlpha\(\)}{section.4.1}% 16
\BOOKMARK [1][-]{section.4.2}{AminoAcid.java}{chapter.4}% 17
\BOOKMARK [1][-]{section.4.3}{AminoCanvas.java}{chapter.4}% 18
\BOOKMARK [0][-]{chapter.5}{Sample DataSource Plugin: savant.diff}{}% 19
\BOOKMARK [1][-]{section.5.1}{DiffPlugin.java}{chapter.5}% 20
\BOOKMARK [2][-]{subsection.5.1.1}{DiffPlugin.getDataSource\(\)}{section.5.1}% 21
\BOOKMARK [2][-]{subsection.5.1.2}{DiffPlugin.getDataSource\(URI\)}{section.5.1}% 22
\BOOKMARK [1][-]{section.5.2}{SourceDialog.java}{chapter.5}% 23
\BOOKMARK [1][-]{section.5.3}{DiffDataSource.java}{chapter.5}% 24
\BOOKMARK [2][-]{subsection.5.3.1}{DiffDataSource.getReferenceNames\(\)}{section.5.3}% 25
\BOOKMARK [2][-]{subsection.5.3.2}{DiffDataSource.getRecords\(\)}{section.5.3}% 26
\BOOKMARK [0][-]{chapter.6}{Sample Tool Plugin: srma.xml}{}% 27
\BOOKMARK [1][-]{section.6.1}{<plugin> Element}{chapter.6}% 28
\BOOKMARK [1][-]{section.6.2}{<tool> Element}{chapter.6}% 29
\BOOKMARK [1][-]{section.6.3}{<arg> Elements}{chapter.6}% 30
\BOOKMARK [1][-]{section.6.4}{<progress> and <error> Elements}{chapter.6}% 31
